<?xml version="1.0" encoding="UTF-8" ?>
<testsuite errors="0" failures="0" hostname="vdi-dev2-011" name="lowatem.IALowatemTest" skipped="0" tests="1" time="27.219" timestamp="2022-01-06T17:12:43">
  <properties>
    <property name="libs.spring-framework300.classpath" value="C:\Program Files\NetBeans-12.6\netbeans\platform\modules\org-apache-commons-logging.jar;C:\Program Files\NetBeans-12.6\netbeans\java\modules\ext\cglib-2.2.jar;C:\Program Files\NetBeans-12.6\netbeans\java\modules\ext\spring-3.0\spring-aop-3.2.18.RELEASE.jar;C:\Program Files\NetBeans-12.6\netbeans\java\modules\ext\spring-3.0\spring-aspects-3.2.18.RELEASE.jar;C:\Program Files\NetBeans-12.6\netbeans\java\modules\ext\spring-3.0\spring-beans-3.2.18.RELEASE.jar;C:\Program Files\NetBeans-12.6\netbeans\java\modules\ext\spring-3.0\spring-context-3.2.18.RELEASE.jar;C:\Program Files\NetBeans-12.6\netbeans\java\modules\ext\spring-3.0\spring-context-support-3.2.18.RELEASE.jar;C:\Program Files\NetBeans-12.6\netbeans\java\modules\ext\spring-3.0\spring-core-3.2.18.RELEASE.jar;C:\Program Files\NetBeans-12.6\netbeans\java\modules\ext\spring-3.0\spring-expression-3.2.18.RELEASE.jar;C:\Program Files\NetBeans-12.6\netbeans\java\modules\ext\spring-3.0\spring-instrument-3.2.18.RELEASE.jar;C:\Program Files\NetBeans-12.6\netbeans\java\modules\ext\spring-3.0\spring-instrument-tomcat-3.2.18.RELEASE.jar;C:\Program Files\NetBeans-12.6\netbeans\java\modules\ext\spring-3.0\spring-jdbc-3.2.18.RELEASE.jar;C:\Program Files\NetBeans-12.6\netbeans\java\modules\ext\spring-3.0\spring-jms-3.2.18.RELEASE.jar;C:\Program Files\NetBeans-12.6\netbeans\java\modules\ext\spring-3.0\spring-orm-3.2.18.RELEASE.jar;C:\Program Files\NetBeans-12.6\netbeans\java\modules\ext\spring-3.0\spring-oxm-3.2.18.RELEASE.jar;C:\Program Files\NetBeans-12.6\netbeans\java\modules\ext\spring-3.0\spring-struts-3.2.18.RELEASE.jar;C:\Program Files\NetBeans-12.6\netbeans\java\modules\ext\spring-3.0\spring-test-3.2.18.RELEASE.jar;C:\Program Files\NetBeans-12.6\netbeans\java\modules\ext\spring-3.0\spring-tx-3.2.18.RELEASE.jar;C:\Program Files\NetBeans-12.6\netbeans\java\modules\ext\spring-3.0\spring-web-3.2.18.RELEASE.jar;C:\Program Files\NetBeans-12.6\netbeans\java\modules\ext\spring-3.0\spring-webmvc-3.2.18.RELEASE.jar;C:\Program Files\NetBeans-12.6\netbeans\java\modules\ext\spring-3.0\spring-webmvc-portlet-3.2.18.RELEASE.jar" />
    <property name="javac.test.classpath" value=":build/classes:C:\Program Files\NetBeans-12.6\netbeans\platform\modules\ext\junit-4.13.2.jar:C:\Program Files\NetBeans-12.6\netbeans\platform\modules\ext\hamcrest-core-1.3.jar" />
    <property name="java.specification.version" value="11" />
    <property name="libs.spring-framework500.classpath" value="C:\Program Files\NetBeans-12.6\netbeans\platform\modules\org-apache-commons-logging.jar;C:\Program Files\NetBeans-12.6\netbeans\java\modules\ext\cglib-2.2.jar;C:\Program Files\NetBeans-12.6\netbeans\java\modules\ext\spring-5\spring-aop-5.2.9.RELEASE.jar;C:\Program Files\NetBeans-12.6\netbeans\java\modules\ext\spring-5\spring-aspects-5.2.9.RELEASE.jar;C:\Program Files\NetBeans-12.6\netbeans\java\modules\ext\spring-5\spring-beans-5.2.9.RELEASE.jar;C:\Program Files\NetBeans-12.6\netbeans\java\modules\ext\spring-5\spring-context-5.2.9.RELEASE.jar;C:\Program Files\NetBeans-12.6\netbeans\java\modules\ext\spring-5\spring-context-indexer-5.2.9.RELEASE.jar;C:\Program Files\NetBeans-12.6\netbeans\java\modules\ext\spring-5\spring-context-support-5.2.9.RELEASE.jar;C:\Program Files\NetBeans-12.6\netbeans\java\modules\ext\spring-5\spring-core-5.2.9.RELEASE.jar;C:\Program Files\NetBeans-12.6\netbeans\java\modules\ext\spring-5\spring-expression-5.2.9.RELEASE.jar;C:\Program Files\NetBeans-12.6\netbeans\java\modules\ext\spring-5\spring-instrument-5.2.9.RELEASE.jar;C:\Program Files\NetBeans-12.6\netbeans\java\modules\ext\spring-5\spring-jcl-5.2.9.RELEASE.jar;C:\Program Files\NetBeans-12.6\netbeans\java\modules\ext\spring-5\spring-jdbc-5.2.9.RELEASE.jar;C:\Program Files\NetBeans-12.6\netbeans\java\modules\ext\spring-5\spring-jms-5.2.9.RELEASE.jar;C:\Program Files\NetBeans-12.6\netbeans\java\modules\ext\spring-5\spring-messaging-5.2.9.RELEASE.jar;C:\Program Files\NetBeans-12.6\netbeans\java\modules\ext\spring-5\spring-orm-5.2.9.RELEASE.jar;C:\Program Files\NetBeans-12.6\netbeans\java\modules\ext\spring-5\spring-oxm-5.2.9.RELEASE.jar;C:\Program Files\NetBeans-12.6\netbeans\java\modules\ext\spring-5\spring-test-5.2.9.RELEASE.jar;C:\Program Files\NetBeans-12.6\netbeans\java\modules\ext\spring-5\spring-tx-5.2.9.RELEASE.jar;C:\Program Files\NetBeans-12.6\netbeans\java\modules\ext\spring-5\spring-web-5.2.9.RELEASE.jar;C:\Program Files\NetBeans-12.6\netbeans\java\modules\ext\spring-5\spring-webflux-5.2.9.RELEASE.jar;C:\Program Files\NetBeans-12.6\netbeans\java\modules\ext\spring-5\spring-webmvc-5.2.9.RELEASE.jar;C:\Program Files\NetBeans-12.6\netbeans\java\modules\ext\spring-5\spring-websocket-5.2.9.RELEASE.jar" />
    <property name="jar.index.metainf" value="false" />
    <property name="libs.spring-webmvc4.0.javadoc" value="" />
    <property name="libs.spring-framework400.classpath" value="C:\Program Files\NetBeans-12.6\netbeans\platform\modules\org-apache-commons-logging.jar;C:\Program Files\NetBeans-12.6\netbeans\java\modules\ext\cglib-2.2.jar;C:\Program Files\NetBeans-12.6\netbeans\java\modules\ext\spring-4\spring-aop-4.3.29.RELEASE.jar;C:\Program Files\NetBeans-12.6\netbeans\java\modules\ext\spring-4\spring-aspects-4.3.29.RELEASE.jar;C:\Program Files\NetBeans-12.6\netbeans\java\modules\ext\spring-4\spring-beans-4.3.29.RELEASE.jar;C:\Program Files\NetBeans-12.6\netbeans\java\modules\ext\spring-4\spring-context-4.3.29.RELEASE.jar;C:\Program Files\NetBeans-12.6\netbeans\java\modules\ext\spring-4\spring-context-support-4.3.29.RELEASE.jar;C:\Program Files\NetBeans-12.6\netbeans\java\modules\ext\spring-4\spring-core-4.3.29.RELEASE.jar;C:\Program Files\NetBeans-12.6\netbeans\java\modules\ext\spring-4\spring-expression-4.3.29.RELEASE.jar;C:\Program Files\NetBeans-12.6\netbeans\java\modules\ext\spring-4\spring-instrument-4.3.29.RELEASE.jar;C:\Program Files\NetBeans-12.6\netbeans\java\modules\ext\spring-4\spring-instrument-tomcat-4.3.29.RELEASE.jar;C:\Program Files\NetBeans-12.6\netbeans\java\modules\ext\spring-4\spring-jdbc-4.3.29.RELEASE.jar;C:\Program Files\NetBeans-12.6\netbeans\java\modules\ext\spring-4\spring-jms-4.3.29.RELEASE.jar;C:\Program Files\NetBeans-12.6\netbeans\java\modules\ext\spring-4\spring-messaging-4.3.29.RELEASE.jar;C:\Program Files\NetBeans-12.6\netbeans\java\modules\ext\spring-4\spring-orm-4.3.29.RELEASE.jar;C:\Program Files\NetBeans-12.6\netbeans\java\modules\ext\spring-4\spring-oxm-4.3.29.RELEASE.jar;C:\Program Files\NetBeans-12.6\netbeans\java\modules\ext\spring-4\spring-test-4.3.29.RELEASE.jar;C:\Program Files\NetBeans-12.6\netbeans\java\modules\ext\spring-4\spring-tx-4.3.29.RELEASE.jar;C:\Program Files\NetBeans-12.6\netbeans\java\modules\ext\spring-4\spring-web-4.3.29.RELEASE.jar;C:\Program Files\NetBeans-12.6\netbeans\java\modules\ext\spring-4\spring-webmvc-4.3.29.RELEASE.jar;C:\Program Files\NetBeans-12.6\netbeans\java\modules\ext\spring-4\spring-webmvc-portlet-4.3.29.RELEASE.jar;C:\Program Files\NetBeans-12.6\netbeans\java\modules\ext\spring-4\spring-websocket-4.3.29.RELEASE.jar" />
    <property name="test.binaryincludes" value="&lt;nothing&gt;" />
    <property name="do.jlink" value="false" />
    <property name="debug-transport" value="dt_shmem" />
    <property name="libs.javaee-web-api-8.0.src" value="" />
    <property name="java.vendor.url" value="https://openjdk.java.net/" />
    <property name="debug.modulepath" value="" />
    <property name="libs.eclipselink.javadoc" value="C:\Program Files\NetBeans-12.6\netbeans\java\modules\ext\docs\javax.persistence-2.2.1-doc.zip" />
    <property name="libs.jsp-compilation.src" value="" />
    <property name="libs.JWSAntTasks.javadoc" value="" />
    <property name="sun.boot.library.path" value="C:\java\jdk-11\bin" />
    <property name="sun.java.command" value="org.apache.tools.ant.taskdefs.optional.junit.JUnitTestRunner lowatem.IALowatemTest skipNonTests=false filtertrace=true haltOnError=false haltOnFailure=false showoutput=true outputtoformatters=true logfailedtests=true threadid=0 logtestlistenerevents=true formatter=org.apache.tools.ant.taskdefs.optional.junit.BriefJUnitResultFormatter formatter=org.apache.tools.ant.taskdefs.optional.junit.XMLJUnitResultFormatter,V:\GitProg\algoprogs1\Lowatem\build\test\results\TEST-lowatem.IALowatemTest.xml crashfile=V:\GitProg\algoprogs1\Lowatem\build\junitvmwatcher14815769957672151358.properties propsfile=V:\GitProg\algoprogs1\Lowatem\build\junit8972342678828611515.properties" />
    <property name="jdk.debug" value="release" />
    <property name="libs.spring-framework300.src" value="" />
    <property name="javadoc.use" value="true" />
    <property name="javadoc.notree" value="false" />
    <property name="basedir" value="V:\GitProg\algoprogs1\Lowatem" />
    <property name="application.vendor" value="olivier" />
    <property name="java.specification.name" value="Java Platform API Specification" />
    <property name="java.vm.specification.vendor" value="Oracle Corporation" />
    <property name="libs.jsf20.classpath" value="C:\Program Files\NetBeans-12.6\netbeans\enterprise\modules\ext\jsf-2_2\javax.faces.jar" />
    <property name="netbeans.extbrowser.manual_chrome_plugin_install" value="yes" />
    <property name="netbeans.default_userdir_root" value="C:\Users\ralarcon\AppData\Roaming\NetBeans" />
    <property name="libs.spring-framework500.javadoc" value="" />
    <property name="libs.jsp-compilation-syscp.src" value="" />
    <property name="jdk.home" value="C:\java\jdk-11" />
    <property name="java.runtime.version" value="11.0.12+8-LTS-237" />
    <property name="libs.eclipselink.maven-pom" value="" />
    <property name="libs.metro.maven-pom" value="" />
    <property name="libs.JAXB-ENDORSED.javadoc" value="" />
    <property name="sun.java2d.noddraw" value="true" />
    <property name="sun.zip.disableMemoryMapping" value="true" />
    <property name="jnidispatch.path" value="C:\Users\ralarcon\AppData\Local\Temp\jna-190451124\jna16528471676205343128.dll" />
    <property name="libs.primefaces.javadoc" value="" />
    <property name="libs.jsf12.src" value="" />
    <property name="libs.jsp-compilation.javadoc" value="" />
    <property name="libs.groovy-all.maven-pom" value="" />
    <property name="java.vendor.version" value="18.9" />
    <property name="libs.restapi.src" value="" />
    <property name="libs.junit_5.javadoc" value="C:\Program Files\NetBeans-12.6\netbeans\platform\docs\junit-jupiter-api-5.6.0-javadoc.jar;C:\Program Files\NetBeans-12.6\netbeans\platform\docs\junit-jupiter-params-5.6.0-javadoc.jar;C:\Program Files\NetBeans-12.6\netbeans\platform\docs\junit-jupiter-engine-5.6.0-javadoc.jar" />
    <property name="dist.archive.excludes" value="" />
    <property name="java.io.tmpdir" value="C:\Users\ralarcon\AppData\Local\Temp\" />
    <property name="java.version" value="11.0.12" />
    <property name="libs.jakartaee-api-8.0.javadoc" value="C:\Program Files\NetBeans-12.6\netbeans\enterprise\docs\jakartaee8-doc-api.jar" />
    <property name="java.vm.specification.name" value="Java Virtual Machine Specification" />
    <property name="java.library.path" value="C:\java\jdk-11\bin;C:\WINDOWS\Sun\Java\bin;C:\WINDOWS\system32;C:\WINDOWS;C:\Program Files\Common Files\Oracle\Java\javapath;C:\Program Files (x86)\VMware\VMware Player\bin\;C:\Ruby26-x64\bin;C:\Program Files (x86)\Common Files\Oracle\Java\javapath;C:\WINDOWS\system32;C:\WINDOWS;C:\WINDOWS\System32\Wbem;C:\WINDOWS\System32\WindowsPowerShell\v1.0\;C:\WINDOWS\System32\OpenSSH\;C:\Program Files (x86)\wapt;C:\Program Files\Microsoft SQL Server\130\Tools\Binn\;C:\Program Files\Microsoft SQL Server\Client SDK\ODBC\170\Tools\Binn\;c:\Program Files\PuTTY\;C:\Program Files\Microsoft VS Code\bin;C:\Program Files (x86)\Microsoft SQL Server\150\DTS\Binn\;C:\apache-maven-3.6.3\bin;C:\Program Files (x86)\Windows Kits\10\Windows Performance Toolkit\;C:\Program Files\Azure Data Studio\bin;c:\php;C:\Program Files\Git\cmd;C:\Program Files (x86)\Citrix\HDX\bin\;C:\Program Files\Citrix\HDX\bin\;C:\Program Files\dotnet\;C:\Program Files\nodejs\;C:\Program Files\Microsoft SQL Server\150\Tools\Binn\;C:\Users\ralarcon\AppData\Local\Microsoft\WindowsApps;;." />
    <property name="libs.hamcrest.src" value="" />
    <property name="java.vendor" value="Oracle Corporation" />
    <property name="libs.groovy-all.src" value="" />
    <property name="libs.testng.javadoc" value="C:\Program Files\NetBeans-12.6\netbeans\platform\docs\testng-6.13.1-javadoc.jar" />
    <property name="meta.inf.dir" value="src/META-INF" />
    <property name="run.upgrademodulepath" value="" />
    <property name="compile.on.save" value="false" />
    <property name="libs.testng.maven-pom" value="" />
    <property name="jlink.additionalparam" value="" />
    <property name="org.openide.version" value="deprecated" />
    <property name="test.includes" value="lowatem/IALowatemTest.java" />
    <property name="run.classpath" value=":build/classes" />
    <property name="libs.jaxb.src" value="" />
    <property name="test.src.dir" value="test" />
    <property name="sun.awt.enableExtraMouseButtons" value="true" />
    <property name="org.openide.major.version" value="IDE/1" />
    <property name="libs.spring-framework300.javadoc" value="" />
    <property name="ap.proc.none.internal" value="" />
    <property name="org.openide.specification.version" value="6.2" />
    <property name="user.timezone" value="" />
    <property name="jar.index" value="false" />
    <property name="libs.jpa20-persistence.classpath" value="C:\Program Files\NetBeans-12.6\netbeans\java\modules\ext\eclipselink\javax.persistence-2.2.1.jar" />
    <property name="java.vm.specification.version" value="11" />
    <property name="libs.eclipselinkmodelgen.javadoc" value="" />
    <property name="libs.junit_5.classpath" value="C:\Program Files\NetBeans-12.6\netbeans\platform\modules\ext\junit-jupiter-api-5.6.0.jar;C:\Program Files\NetBeans-12.6\netbeans\platform\modules\ext\junit-jupiter-params-5.6.0.jar;C:\Program Files\NetBeans-12.6\netbeans\platform\modules\ext\junit-jupiter-engine-5.6.0.jar" />
    <property name="javadoc.noindex" value="false" />
    <property name="javadoc.private" value="false" />
    <property name="libs.spring-webmvc4.0.maven-pom" value="" />
    <property name="libs.JAXB-ENDORSED.maven-pom" value="" />
    <property name="user.home" value="C:\Users\ralarcon" />
    <property name="libs.eclipselinkmodelgen.maven-pom" value="" />
    <property name="have.sources" value="true" />
    <property name="annotation.processing.processors.list" value="" />
    <property name="jlink.launcher" value="true" />
    <property name="javac.deprecation" value="false" />
    <property name="build.generated.sources.dir" value="build/generated-sources" />
    <property name="plugin.manager.check.updates" value="false" />
    <property name="netbeans.autoupdate.language" value="fr" />
    <property name="libs.eclipselinkmodelgen.src" value="" />
    <property name="build.compiler.emacs" value="true" />
    <property name="build.classes.excludes" value="**/*.java,**/*.form" />
    <property name="dist.jar" value="dist/Lowatem.jar" />
    <property name="libs.jakartaee-web-api-9.0.classpath" value="C:\Program Files\NetBeans-12.6\netbeans\enterprise\modules\ext\jakarta.jakartaee-web-api-9.0.0.jar" />
    <property name="libs.spring-webmvc4.0.classpath" value="C:\Program Files\NetBeans-12.6\netbeans\java\modules\ext\spring-4\spring-webmvc-4.3.29.RELEASE.jar" />
    <property name="modules.supported.internal" value="true" />
    <property name="libs.javaee-endorsed-api-7.0.javadoc" value="C:\Program Files\NetBeans-12.6\netbeans\enterprise\docs\javaee-doc-api.jar" />
    <property name="os.version" value="10.0" />
    <property name="netbeans.home" value="C:\Program Files\NetBeans-12.6\netbeans\platform" />
    <property name="libs.CopyLibs.javadoc" value="" />
    <property name="debug-transport-by-os" value="dt_shmem" />
    <property name="libs.jsf20.src" value="" />
    <property name="libs.javaee-api-8.0.javadoc" value="C:\Program Files\NetBeans-12.6\netbeans\enterprise\docs\javaee-doc-api.jar" />
    <property name="java.vm.name" value="Java HotSpot(TM) 64-Bit Server VM" />
    <property name="unnamed.module.internal" value="true" />
    <property name="libs.jstl.javadoc" value="C:\Program Files\NetBeans-12.6\netbeans\enterprise\docs\javaee-doc-api.jar" />
    <property name="libs.javaee-endorsed-api-7.0.maven-pom" value="" />
    <property name="libs.jaxws21.classpath" value="C:\Program Files\NetBeans-12.6\netbeans\ide\modules\ext\jaxb\jaxb-impl.jar;C:\Program Files\NetBeans-12.6\netbeans\ide\modules\ext\jaxb\jaxb-xjc.jar;C:\Program Files\NetBeans-12.6\netbeans\java\modules\ext\jaxws22\FastInfoset.jar;C:\Program Files\NetBeans-12.6\netbeans\java\modules\ext\jaxws22\gmbal-api-only.jar;C:\Program Files\NetBeans-12.6\netbeans\java\modules\ext\jaxws22\ha-api.jar;C:\Program Files\NetBeans-12.6\netbeans\java\modules\ext\jaxws22\javax.mail_1.4.jar;C:\Program Files\NetBeans-12.6\netbeans\java\modules\ext\jaxws22\jaxws-rt.jar;C:\Program Files\NetBeans-12.6\netbeans\java\modules\ext\jaxws22\jaxws-tools.jar;C:\Program Files\NetBeans-12.6\netbeans\java\modules\ext\jaxws22\management-api.jar;C:\Program Files\NetBeans-12.6\netbeans\java\modules\ext\jaxws22\mimepull.jar;C:\Program Files\NetBeans-12.6\netbeans\java\modules\ext\jaxws22\policy.jar;C:\Program Files\NetBeans-12.6\netbeans\java\modules\ext\jaxws22\saaj-impl.jar;C:\Program Files\NetBeans-12.6\netbeans\java\modules\ext\jaxws22\stax-ex.jar;C:\Program Files\NetBeans-12.6\netbeans\java\modules\ext\jaxws22\stax2-api.jar;C:\Program Files\NetBeans-12.6\netbeans\java\modules\ext\jaxws22\streambuffer.jar;C:\Program Files\NetBeans-12.6\netbeans\java\modules\ext\jaxws22\woodstox-core-asl.jar;C:\Program Files\NetBeans-12.6\netbeans\java\modules\ext\jaxws22\api\jaxws-api.jar;C:\Program Files\NetBeans-12.6\netbeans\java\modules\ext\jaxws22\api\jsr181-api.jar;C:\Program Files\NetBeans-12.6\netbeans\java\modules\ext\jaxws22\api\javax.annotation.jar;C:\Program Files\NetBeans-12.6\netbeans\java\modules\ext\jaxws22\api\saaj-api.jar;C:\Program Files\NetBeans-12.6\netbeans\ide\modules\ext\jaxb\activation.jar;C:\Program Files\NetBeans-12.6\netbeans\ide\modules\ext\jaxb\api\jaxb-api.jar" />
    <property name="libs.restapi.classpath" value="C:\Program Files\NetBeans-12.6\netbeans\enterprise\modules\ext\jaxrs-2.1\jakarta.ws.rs-api-2.1.6.jar" />
    <property name="os.arch" value="amd64" />
    <property name="build.generated.dir" value="build/generated" />
    <property name="libs.groovy-all.javadoc" value="" />
    <property name="libs.jakartaee-api-8.0.classpath" value="C:\Program Files\NetBeans-12.6\netbeans\enterprise\modules\ext\jakarta.jakartaee-api-8.0.0.jar" />
    <property name="libs.javaee-web-api-7.0.javadoc" value="C:\Program Files\NetBeans-12.6\netbeans\enterprise\docs\javaee-doc-api.jar" />
    <property name="libs.javaee-endorsed-api-6.0.src" value="" />
    <property name="libs.jsf12.maven-pom" value="" />
    <property name="libs.javaee-endorsed-api-7.0.classpath" value="C:\Program Files\NetBeans-12.6\netbeans\enterprise\modules\ext\javaee7-endorsed\javax.annotation-api.jar;C:\Program Files\NetBeans-12.6\netbeans\enterprise\modules\ext\javaee7-endorsed\javax.xml.soap-api.jar;C:\Program Files\NetBeans-12.6\netbeans\enterprise\modules\ext\javaee7-endorsed\jaxb-api-osgi.jar;C:\Program Files\NetBeans-12.6\netbeans\enterprise\modules\ext\javaee7-endorsed\jaxws-api.jar;C:\Program Files\NetBeans-12.6\netbeans\enterprise\modules\ext\javaee7-endorsed\jsr181-api.jar" />
    <property name="libs.primefaces.maven-pom" value="" />
    <property name="org.netbeans.io.suspend" value="0" />
    <property name="awt.toolkit" value="sun.awt.windows.WToolkit" />
    <property name="ant.project.name" value="Lowatem" />
    <property name="dist.javadoc.dir" value="dist/javadoc" />
    <property name="default.javac.target" value="11" />
    <property name="javac.fork" value="true" />
    <property name="libs.eclipselink.classpath" value="C:\Program Files\NetBeans-12.6\netbeans\java\modules\ext\eclipselink\org.eclipse.persistence.core-2.7.9.jar;C:\Program Files\NetBeans-12.6\netbeans\java\modules\ext\eclipselink\org.eclipse.persistence.asm-9.1.0.jar;C:\Program Files\NetBeans-12.6\netbeans\java\modules\ext\eclipselink\org.eclipse.persistence.antlr-2.7.9.jar;C:\Program Files\NetBeans-12.6\netbeans\java\modules\ext\eclipselink\org.eclipse.persistence.jpa-2.7.9.jar;C:\Program Files\NetBeans-12.6\netbeans\java\modules\ext\eclipselink\org.eclipse.persistence.jpa.jpql-2.7.9.jar;C:\Program Files\NetBeans-12.6\netbeans\java\modules\ext\eclipselink\org.eclipse.persistence.moxy-2.7.9.jar;C:\Program Files\NetBeans-12.6\netbeans\java\modules\ext\eclipselink\javax.persistence-2.2.1.jar" />
    <property name="libs.struts.classpath" value="C:\Program Files\NetBeans-12.6\netbeans\enterprise\modules\ext\struts\antlr-2.7.2.jar;C:\Program Files\NetBeans-12.6\netbeans\enterprise\modules\ext\struts\bsf-2.3.0.jar;C:\Program Files\NetBeans-12.6\netbeans\enterprise\modules\ext\struts\commons-beanutils-1.8.0.jar;C:\Program Files\NetBeans-12.6\netbeans\enterprise\modules\ext\struts\commons-chain-1.2.jar;C:\Program Files\NetBeans-12.6\netbeans\enterprise\modules\ext\struts\commons-digester-1.8.jar;C:\Program Files\NetBeans-12.6\netbeans\enterprise\modules\ext\struts\commons-fileupload-1.1.1.jar;C:\Program Files\NetBeans-12.6\netbeans\enterprise\modules\ext\struts\commons-io-1.1.jar;C:\Program Files\NetBeans-12.6\netbeans\enterprise\modules\ext\struts\commons-logging-1.0.4.jar;C:\Program Files\NetBeans-12.6\netbeans\enterprise\modules\ext\struts\commons-validator-1.3.1.jar;C:\Program Files\NetBeans-12.6\netbeans\enterprise\modules\ext\struts\jstl-1.0.2.jar;C:\Program Files\NetBeans-12.6\netbeans\enterprise\modules\ext\struts\oro-2.0.8.jar;C:\Program Files\NetBeans-12.6\netbeans\enterprise\modules\ext\struts\standard-1.0.6.jar;C:\Program Files\NetBeans-12.6\netbeans\enterprise\modules\ext\struts\struts-core-1.3.10.jar;C:\Program Files\NetBeans-12.6\netbeans\enterprise\modules\ext\struts\struts-el-1.3.10.jar;C:\Program Files\NetBeans-12.6\netbeans\enterprise\modules\ext\struts\struts-extras-1.3.10.jar;C:\Program Files\NetBeans-12.6\netbeans\enterprise\modules\ext\struts\struts-faces-1.3.10.jar;C:\Program Files\NetBeans-12.6\netbeans\enterprise\modules\ext\struts\struts-mailreader-dao-1.3.10.jar;C:\Program Files\NetBeans-12.6\netbeans\enterprise\modules\ext\struts\struts-scripting-1.3.10.jar;C:\Program Files\NetBeans-12.6\netbeans\enterprise\modules\ext\struts\struts-taglib-1.3.10.jar;C:\Program Files\NetBeans-12.6\netbeans\enterprise\modules\ext\struts\struts-tiles-1.3.10.jar" />
    <property name="libs.PostgreSQLDriver.maven-pom" value="" />
    <property name="libs.absolutelayout.src" value="" />
    <property name="testng.mode" value="testng" />
    <property name="annotation.processing.enabled.in.editor" value="false" />
    <property name="ant.file.type.Lowatem" value="file" />
    <property name="java.vm.compressedOopsMode" value="32-bit" />
    <property name="netbeans.productversion" value="Apache NetBeans IDE 12.6" />
    <property name="ant.file.Lowatem-impl" value="V:\GitProg\algoprogs1\Lowatem\nbproject\build-impl.xml" />
    <property name="mkdist.disabled" value="false" />
    <property name="libs.javaee-web-api-6.0.javadoc" value="C:\Program Files\NetBeans-12.6\netbeans\enterprise\docs\javaee-doc-api.jar" />
    <property name="libs.javaee-api-7.0.maven-pom" value="" />
    <property name="libs.groovy-all.classpath" value="C:\Program Files\NetBeans-12.6\netbeans\groovy\modules\ext\groovy-3.0.8.jar;C:\Program Files\NetBeans-12.6\netbeans\groovy\modules\ext\groovy-ant-3.0.8.jar" />
    <property name="libs.absolutelayout.javadoc" value="" />
    <property name="module.build.classes.dir" value="build/classes" />
    <property name="libs.jaxb.maven-pom" value="" />
    <property name="annotation.processing.processor.options" value="" />
    <property name="libs.javaee-api-6.0.maven-pom" value="" />
    <property name="dist.dir" value="dist" />
    <property name="build.dir" value="build" />
    <property name="libs.graaljs.maven-pom" value="" />
    <property name="netbeans.autoupdate.variant" value="" />
    <property name="javadoc.version" value="false" />
    <property name="libs.metro.src" value="" />
    <property name="libs.metro.classpath" value="C:\Program Files\NetBeans-12.6\netbeans\ide\modules\ext\jaxb\activation.jar;C:\Program Files\NetBeans-12.6\netbeans\enterprise\modules\ext\metro\webservices-api.jar;C:\Program Files\NetBeans-12.6\netbeans\enterprise\modules\ext\metro\webservices-extra-api.jar;C:\Program Files\NetBeans-12.6\netbeans\enterprise\modules\ext\metro\webservices-extra.jar;C:\Program Files\NetBeans-12.6\netbeans\enterprise\modules\ext\metro\webservices-rt.jar;C:\Program Files\NetBeans-12.6\netbeans\enterprise\modules\ext\metro\webservices-tools.jar" />
    <property name="libs.CopyLibs.classpath" value="C:\Program Files\NetBeans-12.6\netbeans\java\ant\extra\org-netbeans-modules-java-j2seproject-copylibstask.jar" />
    <property name="sun.os.patch.level" value="" />
    <property name="javadoc.html5" value="false" />
    <property name="javac.test.processorpath" value=":build/classes:C:\Program Files\NetBeans-12.6\netbeans\platform\modules\ext\junit-4.13.2.jar:C:\Program Files\NetBeans-12.6\netbeans\platform\modules\ext\hamcrest-core-1.3.jar" />
    <property name="libs.javaee-web-api-7.0.maven-pom" value="" />
    <property name="libs.javaee-web-api-8.0.maven-pom" value="" />
    <property name="netbeans.dirs" value="C:\Program Files\NetBeans-12.6\netbeans\nb;C:\Program Files\NetBeans-12.6\netbeans\ergonomics;C:\Program Files\NetBeans-12.6\netbeans\ide;C:\Program Files\NetBeans-12.6\netbeans\extide;C:\Program Files\NetBeans-12.6\netbeans\java;C:\Program Files\NetBeans-12.6\netbeans\apisupport;C:\Program Files\NetBeans-12.6\netbeans\webcommon;C:\Program Files\NetBeans-12.6\netbeans\websvccommon;C:\Program Files\NetBeans-12.6\netbeans\enterprise;C:\Program Files\NetBeans-12.6\netbeans\mobility;C:\Program Files\NetBeans-12.6\netbeans\profiler;C:\Program Files\NetBeans-12.6\netbeans\python;C:\Program Files\NetBeans-12.6\netbeans\php;C:\Program Files\NetBeans-12.6\netbeans\identity;C:\Program Files\NetBeans-12.6\netbeans\harness;C:\Program Files\NetBeans-12.6\netbeans\cnd;C:\Program Files\NetBeans-12.6\netbeans\cndext;C:\Program Files\NetBeans-12.6\netbeans\cpplite;C:\Program Files\NetBeans-12.6\netbeans\dlight;C:\Program Files\NetBeans-12.6\netbeans\groovy;C:\Program Files\NetBeans-12.6\netbeans\extra;C:\Program Files\NetBeans-12.6\netbeans\javacard;C:\Program Files\NetBeans-12.6\netbeans\javafx" />
    <property name="libs.hamcrest.maven-pom" value="" />
    <property name="javac.processorpath" value="" />
    <property name="libs.javaee-api-6.0.javadoc" value="C:\Program Files\NetBeans-12.6\netbeans\enterprise\docs\javaee-doc-api.jar" />
    <property name="libs.JWSAntTasks.maven-pom" value="" />
    <property name="javac.upgrademodulepath" value="" />
    <property name="run.modulepath" value="" />
    <property name="do.archive+manifest.available" value="true" />
    <property name="apple.laf.useScreenMenuBar" value="true" />
    <property name="sun.java.launcher" value="SUN_STANDARD" />
    <property name="user.country" value="FR" />
    <property name="libs.jakartaee-api-9.0.maven-pom" value="" />
    <property name="libs.restapi.javadoc" value="" />
    <property name="libs.jpa20-persistence.src" value="" />
    <property name="endorsed.classpath" value="" />
    <property name="javac.test.sourcepath" value="V:\GitProg\algoprogs1\Lowatem\build\empty" />
    <property name="libs.spring-webmvc3.0.maven-pom" value="" />
    <property name="includes" value="**" />
    <property name="libs.jsf12.javadoc" value="C:\Program Files\NetBeans-12.6\netbeans\enterprise\docs\javaee-doc-api.jar" />
    <property name="libs.hamcrest.classpath" value="C:\Program Files\NetBeans-12.6\netbeans\platform\modules\ext\hamcrest-core-1.3.jar" />
    <property name="javadoc.splitindex" value="true" />
    <property name="libs.JWSAntTasks.classpath" value="C:\Program Files\NetBeans-12.6\netbeans\java\ant\extra\org-netbeans-modules-javawebstart-anttasks.jar" />
    <property name="junit.available" value="true" />
    <property name="javac.processormodulepath" value="" />
    <property name="javadoc.encoding" value="UTF-8" />
    <property name="libs.jsp-compilation-syscp.maven-pom" value="" />
    <property name="libs.jstl.src" value="" />
    <property name="netbeans.hash.code" value="unique=NB_EXTIDE_JAVA_PHP_WEBCOMMON_WEBEE0fade62d7-b2dc-4ffd-9404-984959a60d17_5aa68d11-c2e2-4d76-bafb-0361f5a9df70" />
    <property name="jlink.strip" value="false" />
    <property name="libs.spring-webmvc3.0.classpath" value="C:\Program Files\NetBeans-12.6\netbeans\java\modules\ext\spring-3.0\spring-webmvc-3.2.18.RELEASE.jar" />
    <property name="java.runtime.name" value="Java(TM) SE Runtime Environment" />
    <property name="libs.jaxb.javadoc" value="C:\Program Files\NetBeans-12.6\netbeans\ide\docs\jaxb-api-doc.jar" />
    <property name="manifest.available" value="true" />
    <property name="libs.spring-framework500.maven-pom" value="" />
    <property name="run.jvmargs.ide" value="" />
    <property name="ant.core.lib" value="C:\Program Files\NetBeans-12.6\netbeans\extide\ant\lib\ant.jar" />
    <property name="libs.jsp-compilation.maven-pom" value="" />
    <property name="javac.profile.cmd.line.arg" value="" />
    <property name="libs.jakartaee-api-9.0.classpath" value="C:\Program Files\NetBeans-12.6\netbeans\enterprise\modules\ext\jakarta.jakartaee-api-9.0.0.jar" />
    <property name="application.title" value="Lowatem" />
    <property name="do.archive+main.class.available" value="true" />
    <property name="ignore.failing.tests" value="true" />
    <property name="javac.test.modulepath" value="" />
    <property name="libs.PostgreSQLDriver.javadoc" value="" />
    <property name="libs.jsp-compilation-syscp.classpath" value="C:\Program Files\NetBeans-12.6\netbeans\extide\ant\lib\ant.jar;C:\Program Files\NetBeans-12.6\netbeans\enterprise\modules\ext\servlet3.1-jsp2.3-api.jar;C:\Program Files\NetBeans-12.6\netbeans\enterprise\modules\ext\glassfish-jspparser-4.0.jar;C:\Program Files\NetBeans-12.6\netbeans\enterprise\modules\ext\jstl-impl.jar;C:\Program Files\NetBeans-12.6\netbeans\enterprise\modules\ext\jsf-2_2\javax.faces.jar" />
    <property name="libs.jsp-compilation.classpath" value="C:\Program Files\NetBeans-12.6\netbeans\extide\ant\lib\ant.jar;C:\Program Files\NetBeans-12.6\netbeans\enterprise\modules\ext\servlet3.1-jsp2.3-api.jar;C:\Program Files\NetBeans-12.6\netbeans\enterprise\modules\ext\glassfish-jspparser-4.0.jar;C:\Program Files\NetBeans-12.6\netbeans\enterprise\modules\ext\jsf-2_2\javax.faces.jar;C:\Program Files\NetBeans-12.6\netbeans\enterprise\modules\ext\jstl-api.jar;C:\Program Files\NetBeans-12.6\netbeans\extide\ant\lib\ant-launcher.jar" />
    <property name="libs.javaee-api-6.0.classpath" value="C:\Program Files\NetBeans-12.6\netbeans\enterprise\modules\ext\javaee-api-6.0.jar" />
    <property name="javac.includesfile.binary" value="V:\GitProg\algoprogs1\Lowatem\null285711326" />
    <property name="libs.javaee-api-7.0.classpath" value="C:\Program Files\NetBeans-12.6\netbeans\enterprise\modules\ext\javaee-api-7.0.jar" />
    <property name="sun.cpu.isalist" value="amd64" />
    <property name="libs.restapi.maven-pom" value="" />
    <property name="javadoc.preview" value="true" />
    <property name="do.depend" value="false" />
    <property name="sun.arch.data.model" value="64" />
    <property name="nb.show.statistics.ui" value="usageStatisticsEnabled" />
    <property name="libs.jakartaee-web-api-9.0.maven-pom" value="" />
    <property name="libs.javaee-endorsed-api-7.0.src" value="" />
    <property name="annotation.processing.enabled" value="true" />
    <property name="libs.junit_5.src" value="C:\Program Files\NetBeans-12.6\netbeans\platform\docs\junit-jupiter-api-5.6.0-sources.jar;C:\Program Files\NetBeans-12.6\netbeans\platform\docs\junit-jupiter-params-5.6.0-sources.jar;C:\Program Files\NetBeans-12.6\netbeans\platform\docs\junit-jupiter-engine-5.6.0-sources.jar" />
    <property name="libs.jaxb.classpath" value="C:\Program Files\NetBeans-12.6\netbeans\ide\modules\ext\jaxb\jaxb-impl.jar;C:\Program Files\NetBeans-12.6\netbeans\ide\modules\ext\jaxb\jaxb-xjc.jar;C:\Program Files\NetBeans-12.6\netbeans\ide\modules\ext\jaxb\activation.jar;C:\Program Files\NetBeans-12.6\netbeans\ide\modules\ext\jaxb\api\jaxb-api.jar" />
    <property name="libs.javaee-api-8.0.classpath" value="C:\Program Files\NetBeans-12.6\netbeans\enterprise\modules\ext\javaee-api-8.0.jar" />
    <property name="libs.CopyLibs.src" value="" />
    <property name="java.specification.vendor" value="Oracle Corporation" />
    <property name="javac.source" value="11" />
    <property name="java.version.date" value="2021-07-20" />
    <property name="java.home" value="C:\java\jdk-11" />
    <property name="work.dir" value="V:\GitProg\algoprogs1\Lowatem" />
    <property name="javac.test.compilerargs" value="" />
    <property name="jna.boot.library.name" value="jnidispatch-nb" />
    <property name="libs.PostgreSQLDriver.classpath" value="C:\Program Files\NetBeans-12.6\netbeans\ide\modules\ext\postgresql-42.2.16.jar" />
    <property name="libs.graaljs.javadoc" value="" />
    <property name="libs.spring-webmvc3.0.javadoc" value="" />
    <property name="libs.JAXB-ENDORSED.src" value="" />
    <property name="manifest.encoding" value="UTF-8" />
    <property name="user.script" value="" />
    <property name="sun.management.compiler" value="HotSpot 64-Bit Tiered Compilers" />
    <property name="libs.spring-framework400.src" value="" />
    <property name="run.test.modulepath" value="" />
    <property name="libs.graaljs.classpath" value="C:\Program Files\NetBeans-12.6\netbeans\webcommon\modules\ext\js-20.3.0.jar;C:\Program Files\NetBeans-12.6\netbeans\webcommon\modules\ext\js-launcher-20.3.0.jar;C:\Program Files\NetBeans-12.6\netbeans\webcommon\modules\ext\regex-20.3.0.jar;C:\Program Files\NetBeans-12.6\netbeans\webcommon\modules\ext\icu4j-67.1.jar;C:\Program Files\NetBeans-12.6\netbeans\ide\modules\ext\graal-sdk-20.3.0.jar;C:\Program Files\NetBeans-12.6\netbeans\ide\modules\ext\launcher-common-20.3.0.jar;C:\Program Files\NetBeans-12.6\netbeans\ide\modules\ext\truffle-api-20.3.0.jar" />
    <property name="libs.javaee-web-api-6.0.classpath" value="C:\Program Files\NetBeans-12.6\netbeans\enterprise\modules\ext\javaee-web-api-6.0.jar" />
    <property name="libs.jsp-compiler.javadoc" value="" />
    <property name="debug.test.modulepath" value="" />
    <property name="libs.javaee-web-api-7.0.classpath" value="C:\Program Files\NetBeans-12.6\netbeans\enterprise\modules\ext\javaee-web-api-7.0.jar" />
    <property name="file.encoding" value="Cp1252" />
    <property name="java.util.logging.config.class" value="org.netbeans.core.startup.TopLogging" />
    <property name="https.nonProxyHosts" value="localhost|127.0.0.1|vdi-dev2-011" />
    <property name="libs.restlib.javadoc" value="" />
    <property name="libs.absolutelayout.classpath" value="C:\Program Files\NetBeans-12.6\netbeans\java\modules\ext\AbsoluteLayout.jar" />
    <property name="do.archive" value="true" />
    <property name="libs.struts.maven-pom" value="" />
    <property name="java.awt.printerjob" value="sun.awt.windows.WPrinterJob" />
    <property name="built-jar.properties" value="V:\GitProg\algoprogs1\Lowatem\build\built-jar.properties" />
    <property name="nb.native.filechooser" value="false" />
    <property name="libs.testng.src" value="" />
    <property name="libs.javaee-web-api-8.0.classpath" value="C:\Program Files\NetBeans-12.6\netbeans\enterprise\modules\ext\javaee-web-api-8.0.jar" />
    <property name="platform.active" value="default_platform" />
    <property name="manifest.file" value="manifest.mf" />
    <property name="sun.io.unicode.encoding" value="UnicodeLittle" />
    <property name="libs.struts.javadoc" value="C:\Program Files\NetBeans-12.6\netbeans\enterprise\docs\struts-1.3.10-javadoc.zip" />
    <property name="default.javac.source" value="11" />
    <property name="sun.desktop" value="windows" />
    <property name="netbeans.dynamic.classpath" value="C:\Program Files\NetBeans-12.6\netbeans\platform\core\asm-9.2.jar;C:\Program Files\NetBeans-12.6\netbeans\platform\core\asm-commons-9.2.jar;C:\Program Files\NetBeans-12.6\netbeans\platform\core\asm-tree-9.2.jar;C:\Program Files\NetBeans-12.6\netbeans\platform\core\core-base.jar;C:\Program Files\NetBeans-12.6\netbeans\platform\core\core.jar;C:\Program Files\NetBeans-12.6\netbeans\platform\core\org-netbeans-libs-asm.jar;C:\Program Files\NetBeans-12.6\netbeans\platform\core\org-openide-filesystems-compat8.jar;C:\Program Files\NetBeans-12.6\netbeans\platform\core\org-openide-filesystems.jar;C:\Program Files\NetBeans-12.6\netbeans\nb\core\org-netbeans-upgrader.jar;C:\Program Files\NetBeans-12.6\netbeans\nb\core\locale\core_nb.jar" />
    <property name="libs.javaee-web-api-8.0.javadoc" value="C:\Program Files\NetBeans-12.6\netbeans\enterprise\docs\javaee-doc-api.jar" />
    <property name="libs.eclipselinkmodelgen.classpath" value="C:\Program Files\NetBeans-12.6\netbeans\java\modules\ext\eclipselink\org.eclipse.persistence.jpa.modelgen.processor-2.7.9.jar" />
    <property name="javac.systemmodulepath.cmd.line.arg" value="" />
    <property name="netbeans.buildnumber" value="12.6-9cacf1fd305b775b176576c8b633b10b73524861" />
    <property name="endorsed.classpath.cmd.line.arg" value="" />
    <property name="libs.jpa20-persistence.maven-pom" value="" />
    <property name="build.sysclasspath" value="ignore" />
    <property name="os.name" value="Windows 10" />
    <property name="libs.CopyLibs.maven-pom" value="" />
    <property name="libs.jakartaee-api-8.0.maven-pom" value="" />
    <property name="jdkBug6558476" value="false" />
    <property name="javadoc.author" value="false" />
    <property name="http.nonProxyHosts" value="localhost|127.0.0.1|vdi-dev2-011" />
    <property name="main.class" value="lowatem.Requete" />
    <property name="libs.jsp-compilation-syscp.javadoc" value="" />
    <property name="source.encoding" value="UTF-8" />
    <property name="jar.compress" value="false" />
    <property name="libs.javaee-api-7.0.javadoc" value="C:\Program Files\NetBeans-12.6\netbeans\enterprise\docs\javaee-doc-api.jar" />
    <property name="libs.spring-webmvc5.0.src" value="" />
    <property name="libs.jsf20.maven-pom" value="" />
    <property name="java.awt.graphicsenv" value="sun.awt.Win32GraphicsEnvironment" />
    <property name="libs.restlib.classpath" value="C:\Program Files\NetBeans-12.6\netbeans\enterprise\modules\ext\jersey2\ext\jakarta.annotation-api-1.3.5.jar;C:\Program Files\NetBeans-12.6\netbeans\enterprise\modules\ext\jersey2\ext\jakarta.persistence-api-2.2.3.jar;C:\Program Files\NetBeans-12.6\netbeans\enterprise\modules\ext\jersey2\ext\jakarta.servlet-api-4.0.4.jar;C:\Program Files\NetBeans-12.6\netbeans\enterprise\modules\ext\jersey2\ext\jakarta.validation-api-2.0.2.jar;C:\Program Files\NetBeans-12.6\netbeans\enterprise\modules\ext\jersey2\ext\jakarta.xml.bind-api-2.3.3.jar;C:\Program Files\NetBeans-12.6\netbeans\enterprise\modules\ext\jersey2\jersey-client.jar;C:\Program Files\NetBeans-12.6\netbeans\enterprise\modules\ext\jersey2\jersey-common.jar;C:\Program Files\NetBeans-12.6\netbeans\enterprise\modules\ext\jersey2\jersey-server.jar;C:\Program Files\NetBeans-12.6\netbeans\enterprise\modules\ext\jersey2\ext\jersey-entity-filtering-2.34.jar;C:\Program Files\NetBeans-12.6\netbeans\enterprise\modules\ext\jersey2\ext\jersey-hk2-2.34.jar;C:\Program Files\NetBeans-12.6\netbeans\enterprise\modules\ext\jersey2\ext\jersey-media-moxy-2.34.jar;C:\Program Files\NetBeans-12.6\netbeans\enterprise\modules\ext\jersey2\jersey-container-servlet.jar;C:\Program Files\NetBeans-12.6\netbeans\enterprise\modules\ext\jersey2\jersey-container-servlet-core.jar;C:\Program Files\NetBeans-12.6\netbeans\enterprise\modules\ext\jersey2\ext\hk2-api-2.6.1.jar;C:\Program Files\NetBeans-12.6\netbeans\enterprise\modules\ext\jersey2\ext\hk2-locator-2.6.1.jar;C:\Program Files\NetBeans-12.6\netbeans\enterprise\modules\ext\jersey2\ext\hk2-utils-2.6.1.jar;C:\Program Files\NetBeans-12.6\netbeans\enterprise\modules\ext\jersey2\ext\jakarta.inject-2.6.1.jar;C:\Program Files\NetBeans-12.6\netbeans\enterprise\modules\ext\jersey2\ext\aopalliance-repackaged-2.6.1.jar;C:\Program Files\NetBeans-12.6\netbeans\enterprise\modules\ext\jersey2\ext\osgi.core-8.0.0.jar;C:\Program Files\NetBeans-12.6\netbeans\enterprise\modules\ext\jersey2\ext\osgi-resource-locator-1.0.3.jar;C:\Program Files\NetBeans-12.6\netbeans\java\modules\ext\eclipselink\org.eclipse.persistence.core-2.7.9.jar;C:\Program Files\NetBeans-12.6\netbeans\java\modules\ext\eclipselink\org.eclipse.persistence.asm-9.1.0.jar;C:\Program Files\NetBeans-12.6\netbeans\java\modules\ext\eclipselink\org.eclipse.persistence.antlr-2.7.9.jar;C:\Program Files\NetBeans-12.6\netbeans\java\modules\ext\eclipselink\org.eclipse.persistence.jpa-2.7.9.jar;C:\Program Files\NetBeans-12.6\netbeans\java\modules\ext\eclipselink\org.eclipse.persistence.jpa.jpql-2.7.9.jar;C:\Program Files\NetBeans-12.6\netbeans\java\modules\ext\eclipselink\org.eclipse.persistence.moxy-2.7.9.jar" />
    <property name="libs.jakartaee-web-api-8.0.javadoc" value="C:\Program Files\NetBeans-12.6\netbeans\enterprise\docs\jakartaee8-doc-api.jar" />
    <property name="apple.awt.graphics.UseQuartz" value="true" />
    <property name="libs.graaljs.src" value="" />
    <property name="run.jvmargs" value="" />
    <property name="libs.primefaces.src" value="" />
    <property name="ant.file" value="V:\GitProg\algoprogs1\Lowatem\build.xml" />
    <property name="libs.struts.src" value="" />
    <property name="path.separator" value=";" />
    <property name="libs.JAXB-ENDORSED.classpath" value="C:\Program Files\NetBeans-12.6\netbeans\ide\modules\ext\jaxb\api\jaxb-api.jar" />
    <property name="libs.restlib.src" value="" />
    <property name="build.test.results.dir" value="build/test/results" />
    <property name="libs.jaxws21.javadoc" value="C:\Program Files\NetBeans-12.6\netbeans\java\docs\jaxws-api-doc.zip" />
    <property name="libs.spring-framework400.maven-pom" value="" />
    <property name="libs.javaee-endorsed-api-6.0.javadoc" value="C:\Program Files\NetBeans-12.6\netbeans\enterprise\docs\javaee-doc-api.jar" />
    <property name="ap.processors.internal" value="" />
    <property name="module.name" value="" />
    <property name="libs.jsf12.classpath" value="C:\Program Files\NetBeans-12.6\netbeans\enterprise\modules\ext\jsf-1_2\jsf-api.jar;C:\Program Files\NetBeans-12.6\netbeans\enterprise\modules\ext\jsf-1_2\jsf-impl.jar" />
    <property name="libs.spring-webmvc5.0.javadoc" value="" />
    <property name="libs.hamcrest.javadoc" value="" />
    <property name="libs.spring-framework400.javadoc" value="" />
    <property name="ant.file.type.Lowatem-impl" value="file" />
    <property name="do.jar" value="true" />
    <property name="java.vm.info" value="mixed mode" />
    <property name="libs.primefaces.classpath" value="C:\Program Files\NetBeans-12.6\netbeans\enterprise\modules\ext\primefaces\primefaces-5.0.jar" />
    <property name="libs.jaxws21.maven-pom" value="" />
    <property name="run.test.classpath" value=":build/classes:C:\Program Files\NetBeans-12.6\netbeans\platform\modules\ext\junit-4.13.2.jar:C:\Program Files\NetBeans-12.6\netbeans\platform\modules\ext\hamcrest-core-1.3.jar:build/test/classes:C:\Program Files\NetBeans-12.6\netbeans\platform\modules\ext\junit-4.13.2.jar:C:\Program Files\NetBeans-12.6\netbeans\platform\modules\ext\hamcrest-core-1.3.jar" />
    <property name="dist.jlink.output" value="dist/jlink/Lowatem" />
    <property name="javadoc.encoding.used" value="UTF-8" />
    <property name="java.class.version" value="55.0" />
    <property name="src.dir" value="src" />
    <property name="debug.classpath" value=":build/classes" />
    <property name="ant.project.default-target" value="default" />
    <property name="excludes" value="" />
    <property name="libs.javaee-api-7.0.src" value="" />
    <property name="run.test.jvmargs" value="" />
    <property name="libs.junit_4.javadoc" value="C:\Program Files\NetBeans-12.6\netbeans\platform\docs\junit-4.13.2-javadoc.jar" />
    <property name="sun.jnu.encoding" value="Cp1252" />
    <property name="libs.spring-webmvc4.0.src" value="" />
    <property name="sun.java2d.dpiaware" value="true" />
    <property name="main.class.available" value="true" />
    <property name="libs.jsf20.javadoc" value="C:\Program Files\NetBeans-12.6\netbeans\enterprise\docs\javaee-doc-api.jar" />
    <property name="netbeans.importclass" value="org.netbeans.upgrade.AutoUpgrade" />
    <property name="netbeans.autoupdate.version" value="1.23" />
    <property name="empty.dir" value="V:\GitProg\algoprogs1\Lowatem\build\empty" />
    <property name="netbeans.user" value="C:\Users\ralarcon\AppData\Roaming\NetBeans\12" />
    <property name="javac.includes.binary" value="V:\GitProg\algoprogs1\Lowatem\build\test\classes\lowatem\IALowatemTest.class" />
    <property name="file.separator" value="\" />
    <property name="line.separator" value="&#xd;&#xa;" />
    <property name="javadoc.additionalparam" value="" />
    <property name="libs.spring-webmvc5.0.classpath" value="C:\Program Files\NetBeans-12.6\netbeans\java\modules\ext\spring-5\spring-webmvc-5.2.9.RELEASE.jar" />
    <property name="javac.debug" value="true" />
    <property name="libs.restlib.maven-pom" value="" />
    <property name="libs.testng.classpath" value="C:\Program Files\NetBeans-12.6\netbeans\platform\modules\ext\testng-6.14.3.jar;C:\Program Files\NetBeans-12.6\netbeans\platform\modules\ext\jcommander-1.78.jar" />
    <property name="libs.jsp-compiler.src" value="" />
    <property name="user.name" value="ralarcon" />
    <property name="build.classes.dir" value="build/classes" />
    <property name="nb.junit.single" value="false" />
    <property name="javadoc.windowtitle" value="" />
    <property name="nb.internal.action.name" value="test.single" />
    <property name="libs.javaee-api-8.0.maven-pom" value="" />
    <property name="libs.jaxws21.src" value="" />
    <property name="libs.jakartaee-web-api-9.0.javadoc" value="C:\Program Files\NetBeans-12.6\netbeans\enterprise\docs\jakartaee9-doc-api.jar" />
    <property name="jna.loaded" value="true" />
    <property name="libs.junit_5.maven-pom" value="" />
    <property name="libs.jpa20-persistence.javadoc" value="C:\Program Files\NetBeans-12.6\netbeans\java\modules\ext\docs\javax.persistence-2.2.1-doc.zip" />
    <property name="ant.junit.enabletestlistenerevents" value="true" />
    <property name="libs.JWSAntTasks.src" value="" />
    <property name="libs.spring-webmvc3.0.src" value="" />
    <property name="ant.home" value="C:\Program Files\NetBeans-12.6\netbeans\extide\ant" />
    <property name="debug.test.classpath" value=":build/classes:C:\Program Files\NetBeans-12.6\netbeans\platform\modules\ext\junit-4.13.2.jar:C:\Program Files\NetBeans-12.6\netbeans\platform\modules\ext\hamcrest-core-1.3.jar:build/test/classes:C:\Program Files\NetBeans-12.6\netbeans\platform\modules\ext\junit-4.13.2.jar:C:\Program Files\NetBeans-12.6\netbeans\platform\modules\ext\hamcrest-core-1.3.jar" />
    <property name="have.tests" value="true" />
    <property name="javac.external.vm" value="true" />
    <property name="testng.debug.mode" value="" />
    <property name="javac.target" value="11" />
    <property name="ant.version" value="Apache Ant(TM) version 1.10.8 compiled on May 10 2020" />
    <property name="libs.absolutelayout.maven-pom" value="" />
    <property name="jdk.gtk.version" value="2.2" />
    <property name="java.failonerror" value="true" />
    <property name="libs.spring-framework500.src" value="" />
    <property name="javac.modulepath" value="" />
    <property name="libs.javaee-api-6.0.src" value="" />
    <property name="user.properties.file" value="C:\Users\ralarcon\AppData\Roaming\NetBeans\12\build.properties" />
    <property name="javac.includes" value="lowatem/IALowatemTest.java" />
    <property name="netbeans.autoupdate.country" value="FR" />
    <property name="java.class.path" value="V:\GitProg\algoprogs1\Lowatem\build\classes;C:\Program Files\NetBeans-12.6\netbeans\platform\modules\ext\junit-4.13.2.jar;C:\Program Files\NetBeans-12.6\netbeans\platform\modules\ext\hamcrest-core-1.3.jar;V:\GitProg\algoprogs1\Lowatem\build\test\classes;C:\Program Files\NetBeans-12.6\netbeans\extide\ant\lib\ant-launcher.jar;C:\Program Files\NetBeans-12.6\netbeans\extide\ant\lib\ant.jar;C:\Program Files\NetBeans-12.6\netbeans\extide\ant\lib\ant-junit.jar;C:\Program Files\NetBeans-12.6\netbeans\extide\ant\lib\ant-junit4.jar" />
    <property name="libs.javaee-web-api-6.0.maven-pom" value="" />
    <property name="java.vm.vendor" value="Oracle Corporation" />
    <property name="ap.supported.internal" value="true" />
    <property name="user.variant" value="" />
    <property name="netbeans.home+have.tests" value="true" />
    <property name="test.binaryexcludes" value="" />
    <property name="ant.file.Lowatem" value="V:\GitProg\algoprogs1\Lowatem\build.xml" />
    <property name="javac.compilerargs" value="" />
    <property name="libs.jstl.maven-pom" value="" />
    <property name="libs.jakartaee-web-api-8.0.src" value="" />
    <property name="sun.cpu.endian" value="little" />
    <property name="libs.jakartaee-api-9.0.src" value="" />
    <property name="libs.junit_4.src" value="C:\Program Files\NetBeans-12.6\netbeans\platform\docs\junit-4.13.2-sources.jar" />
    <property name="user.language" value="fr" />
    <property name="copylibs.rebase" value="true" />
    <property name="maven.defaultProjectBuilder.disableGlobalModelCache" value="true" />
    <property name="libs.javaee-web-api-6.0.src" value="" />
    <property name="javadoc.nonavbar" value="false" />
    <property name="libs.javaee-api-8.0.src" value="" />
    <property name="ant.java.version" value="11" />
    <property name="libs.junit_4.classpath" value="C:\Program Files\NetBeans-12.6\netbeans\platform\modules\ext\junit-4.13.2.jar" />
    <property name="libs.jakartaee-api-9.0.javadoc" value="C:\Program Files\NetBeans-12.6\netbeans\enterprise\docs\jakartaee9-doc-api.jar" />
    <property name="jlink.launcher.name" value="Lowatem" />
    <property name="test.binarytestincludes" value="" />
    <property name="sun.awt.keepWorkingSetOnMinimize" value="true" />
    <property name="libs.spring-webmvc5.0.maven-pom" value="" />
    <property name="libs.junit_4.maven-pom" value="" />
    <property name="libs.jsp-compiler.maven-pom" value="" />
    <property name="runtime.encoding" value="UTF-8" />
    <property name="jlink.additionalmodules" value="" />
    <property name="libs.jakartaee-web-api-8.0.classpath" value="C:\Program Files\NetBeans-12.6\netbeans\enterprise\modules\ext\jakarta.jakartaee-web-api-8.0.0.jar" />
    <property name="javac.classpath" value="" />
    <property name="dist.jlink.dir" value="dist/jlink" />
    <property name="nb.junit.batch" value="true" />
    <property name="build.test.classes.dir" value="build/test/classes" />
    <property name="libs.spring-framework300.maven-pom" value="" />
    <property name="ant.project.invoked-targets" value="test-single" />
    <property name="libs.jstl.classpath" value="C:\Program Files\NetBeans-12.6\netbeans\enterprise\modules\ext\jstl-impl.jar;C:\Program Files\NetBeans-12.6\netbeans\enterprise\modules\ext\jstl-api.jar" />
    <property name="ap.cmd.line.internal" value="" />
    <property name="libs.PostgreSQLDriver.src" value="" />
    <property name="java.vendor.url.bug" value="https://bugreport.java.com/bugreport/" />
    <property name="annotation.processing.source.output" value="build/generated-sources/ap-source-output" />
    <property name="libs.javaee-endorsed-api-6.0.maven-pom" value="" />
    <property name="user.dir" value="V:\GitProg\algoprogs1\Lowatem" />
    <property name="platform.java" value="C:\java\jdk-11/bin/java" />
    <property name="application.args" value="" />
    <property name="org.xml.sax.driver" value="com.sun.org.apache.xerces.internal.jaxp.SAXParserImpl$JAXPSAXParser" />
    <property name="libs.jakartaee-web-api-8.0.maven-pom" value="" />
    <property name="libs.eclipselink.src" value="" />
    <property name="java.vm.version" value="11.0.12+8-LTS-237" />
    <property name="libs.metro.javadoc" value="C:\Program Files\NetBeans-12.6\netbeans\enterprise\docs\webservices-api-javadoc.jar;C:\Program Files\NetBeans-12.6\netbeans\enterprise\docs\webservices-extra-javadoc.jar;C:\Program Files\NetBeans-12.6\netbeans\enterprise\docs\webservices-extra-api-javadoc.jar;C:\Program Files\NetBeans-12.6\netbeans\enterprise\docs\webservices-rt-javadoc.jar;C:\Program Files\NetBeans-12.6\netbeans\enterprise\docs\webservices-tools-javadoc.jar" />
    <property name="libs.jakartaee-web-api-9.0.src" value="" />
    <property name="sun.awt.datatransfer.timeout" value="1000" />
    <property name="test.class" value="lowatem.IALowatemTest" />
    <property name="libs.javaee-web-api-7.0.src" value="" />
    <property name="libs.jsp-compiler.classpath" value="C:\Program Files\NetBeans-12.6\netbeans\enterprise\ant\extra\jspcompile.jar" />
    <property name="junit.forkmode" value="perTest" />
    <property name="libs.jakartaee-api-8.0.src" value="" />
    <property name="annotation.processing.run.all.processors" value="true" />
    <property name="libs.javaee-endorsed-api-6.0.classpath" value="C:\Program Files\NetBeans-12.6\netbeans\enterprise\modules\ext\javaee6-endorsed\javax.annotation.jar;C:\Program Files\NetBeans-12.6\netbeans\enterprise\modules\ext\javaee6-endorsed\jaxb-api-osgi.jar;C:\Program Files\NetBeans-12.6\netbeans\enterprise\modules\ext\javaee6-endorsed\webservices-api-osgi.jar" />
  </properties>
  <testcase classname="lowatem.IALowatemTest" name="testIA" time="27.063" />
  <system-out><![CDATA[On joue : bBDaB,61,61
negamax took: 328ms

(61:61) Tacheron joue : aHDaJ,61,61
On joue : aBDbBAcB,57,57
negamax took: 234ms

(61:61) Tacheron joue : cCDgC,61,61
On joue : bBDaB,61,61
negamax took: 266ms

(61:61) Tacheron joue : cBDmB,61,61
On joue : aBDbB,61,61
negamax took: 218ms

(61:61) Tacheron joue : nMDnDAnE,57,57
On joue : bBDaB,57,57
negamax took: 219ms

(57:57) Tacheron joue : kKDdK,57,57
On joue : aBDbB,57,57
negamax took: 188ms

(57:57) Tacheron joue : fLDfL,57,57
On joue : bBDaB,57,57
negamax took: 203ms

(57:57) Tacheron joue : fLDeL,57,57
On joue : aBDbB,57,57
negamax took: 219ms

(57:57) Tacheron joue : gCDgK,57,57
On joue : bBDaB,57,57
negamax took: 250ms

(57:57) Tacheron joue : mBDiB,57,57
On joue : aBDbB,57,57
negamax took: 203ms

(57:57) Tacheron joue : lMDlKAlL,55,51
On joue : bBDaB,55,51
negamax took: 172ms

(55:51) Tacheron joue : eLDgL,55,51
On joue : aBDbB,55,51
negamax took: 187ms

(55:51) Tacheron joue : iBDeB,55,51
On joue : bBDaB,55,51
negamax took: 188ms

(55:51) Tacheron joue : aJDaE,55,51
On joue : aBDbB,55,51
negamax took: 187ms

(55:51) Tacheron joue : eHDbH,55,51
On joue : bBDaB,55,51
negamax took: 203ms

(55:51) Tacheron joue : dKDdA,55,51
On joue : aBDbB,55,51
negamax took: 188ms

(55:51) Tacheron joue : aEDaB,55,51
On joue : bBDcB,55,51
negamax took: 203ms

(55:51) Tacheron joue : gLDgF,55,51
On joue : bFDaF,55,51
negamax took: 203ms

(55:51) Tacheron joue : bHDgH,55,51
On joue : aFDbF,55,51
negamax took: 203ms

(55:51) Tacheron joue : gHDnH,55,51
On joue : bFDaF,55,51
negamax took: 188ms

(55:51) Tacheron joue : lKDdK,55,51
On joue : aFDbF,55,51
negamax took: 187ms

(55:51) Tacheron joue : iHDiK,55,51
On joue : bFDaF,55,51
negamax took: 187ms

(55:51) Tacheron joue : dADiA,55,51
On joue : aFDbF,55,51
negamax took: 203ms

(55:51) Tacheron joue : gFDgJ,55,51
On joue : bFDaF,55,51
negamax took: 188ms

(55:51) Tacheron joue : iKDfK,55,51
On joue : aFDbF,55,51
negamax took: 187ms

(55:51) Tacheron joue : eBDkB,55,51
On joue : bFDaF,55,51
negamax took: 188ms

(55:51) Tacheron joue : iADbAAcA,51,47
On joue : aFDbF,51,47
negamax took: 187ms

(51:47) Tacheron joue : fKDkK,51,47
On joue : bFDaF,51,47
negamax took: 203ms

(51:47) Tacheron joue : gJDbJ,51,47
On joue : aFDbF,51,47
negamax took: 188ms

(51:47) Tacheron joue : bADbM,51,47
On joue : bFDaF,51,47
negamax took: 187ms

(51:47) Tacheron joue : gKDhK,51,47
On joue : aFDbF,51,47
negamax took: 204ms

(51:47) Tacheron joue : hKDhD,51,47
On joue : bFDaF,51,47
negamax took: 187ms

(51:47) Tacheron joue : bJDiJ,51,47
On joue : aFDbF,51,47
negamax took: 203ms

(51:47) Tacheron joue : kBDbBAcB,49,43
On joue : bFDaF,49,43
negamax took: 172ms

(49:43) Tacheron joue : kKDkA,49,43
On joue : aFDbF,49,43
negamax took: 172ms

(49:43) Tacheron joue : hDDhDAhC,45,39
On joue : bFDaF,45,39
negamax took: 156ms

(45:39) Tacheron joue : aBDaG,45,39
On joue : aFDbF,45,39
negamax took: 140ms

(45:39) Tacheron joue : nHDnH,45,39
On joue : bFDaFAaG,40,36
negamax took: 157ms

(45:39) Tacheron joue : aGDaL,45,39
On joue : aFDbF,45,39
negamax took: 156ms

(45:39) Tacheron joue : iJDfJ,45,39
On joue : bFDaF,45,39
negamax took: 156ms

(45:39) Tacheron joue : fJDaJ,45,39
On joue : aFDbF,45,39
negamax took: 156ms

(45:39) Tacheron joue : dKDdD,45,39
On joue : bFDaF,45,39
negamax took: 157ms

(45:39) Tacheron joue : bMDjM,45,39
On joue : aFDbF,45,39
negamax took: 156ms

(45:39) Tacheron joue : aJDaC,45,39
On joue : bFDaF,45,39
negamax took: 156ms

(45:39) Tacheron joue : aCDkC,45,39
On joue : aFDbF,45,39
negamax took: 156ms

(45:39) Tacheron joue : aLDaK,45,39
On joue : bFDaF,45,39
negamax took: 157ms

(45:39) Tacheron joue : bBDkB,45,39
On joue : aFDbF,45,39
negamax took: 140ms

(45:39) Tacheron joue : jMDjE,45,39
On joue : bFDaF,45,39
negamax took: 141ms

(45:39) Tacheron joue : kBDiB,45,39
On joue : aFDbF,45,39
negamax took: 156ms

(45:39) Tacheron joue : iBDbB,45,39
On joue : bFDaF,45,39
negamax took: 156ms

(45:39) Tacheron joue : jEDjNAkN,44,37
On joue : aFDbF,44,37
negamax took: 141ms

(44:37) Tacheron joue : kCDaC,44,37
On joue : bFDaF,44,37
negamax took: 125ms

(44:37) Tacheron joue : dDDdM,44,37
On joue : aFDbF,44,37
negamax took: 141ms

(44:37) Tacheron joue : aCDgC,44,37
On joue : bFDaF,44,37
negamax took: 140ms

(44:37) Tacheron joue : dMDdAAcA,42,32
On joue : aFDbF,42,32
negamax took: 110ms

(42:32) Tacheron joue : nHDnD,42,32
On joue : bFDaF,42,32
negamax took: 125ms

(42:32) Tacheron joue : kADkF,42,32
On joue : aFDbF,42,32
negamax took: 172ms

(42:32) Tacheron joue : aKDhK,42,32
On joue : bFDaF,42,32
negamax took: 140ms

(42:32) Tacheron joue : bBDbC,42,32
On joue : aFDbF,42,32
negamax took: 110ms

(42:32) Tacheron joue : hKDhL,42,32
On joue : bFDaF,42,32
negamax took: 125ms

(42:32) Tacheron joue : hLDcL,42,32
On joue : aFDbF,42,32
negamax took: 125ms

(42:32) Tacheron joue : gCDgCAhC,40,27
On joue : bFDaF,40,27
negamax took: 78ms

(40:27) Tacheron joue : cLDnL,40,27
On joue : aFDbF,40,27
negamax took: 93ms

(40:27) Tacheron joue : bCDcC,40,27
On joue : bFDaF,40,27
negamax took: 78ms

(40:27) Tacheron joue : kFDkJ,40,27
On joue : aFDbF,40,27
negamax took: 94ms

(40:27) Tacheron joue : nLDkL,40,27
On joue : bFDaF,40,27
negamax took: 94ms

(40:27) Tacheron joue : kLDkA,40,27
On joue : aFDbF,40,27
negamax took: 93ms

(40:27) Tacheron joue : kJDgJ,40,27
On joue : bFDaF,40,27
negamax took: 79ms

(40:27) Tacheron joue : cCDhC,40,27
On joue : aFDbF,40,27
negamax took: 93ms

(40:27) Tacheron joue : nDDlD,40,27
On joue : bFDaF,40,27
negamax took: 94ms

(40:27) Tacheron joue : dADdB,40,27
On joue : aFDbF,40,27
negamax took: 78ms

(40:27) Tacheron joue : gCDjC,40,27
On joue : bFDaF,40,27
negamax took: 94ms

(40:27) Tacheron joue : hCDhN,40,27
On joue : aFDbF,40,27
negamax took: 94ms

(40:27) Tacheron joue : lDDjD,40,27
On joue : bFDaF,40,27
negamax took: 93ms

(40:27) Tacheron joue : jCDiC,40,27
On joue : aFDbF,40,27
negamax took: 94ms

(40:27) Tacheron joue : hNDcN,40,27
On joue : bFDaF,40,27
negamax took: 94ms

(40:27) Tacheron joue : iCDiJ,40,27
On joue : aFDbF,40,27
negamax took: 94ms

(40:27) Tacheron joue : kADkM,40,27
On joue : bFDaF,40,27
negamax took: 93ms

(40:27) Tacheron joue : jDDbD,40,27
On joue : aFDbF,40,27
negamax took: 94ms

(40:27) Tacheron joue : gJDgF,40,27
On joue : bFDaF,40,27
negamax took: 94ms

(40:27) Tacheron joue : gFDgH,40,27
On joue : aFDbF,40,27
negamax took: 94ms

(40:27) Tacheron joue : gHDaH,40,27
On joue : bFDaF,40,27
negamax took: 109ms

(40:27) Tacheron joue : bDDeD,40,27
On joue : aFDbF,40,27
negamax took: 94ms

(40:27) Tacheron joue : dBDdF,40,27
On joue : bFDaF,40,27
negamax took: 94ms

(40:27) Tacheron joue : aHDjH,40,27
On joue : aFDbF,40,27
negamax took: 93ms

(40:27) Tacheron joue : dFDdK,40,27
On joue : bFDaF,40,27
negamax took: 94ms

(40:27) Tacheron joue : jHDgH,40,27
On joue : aFDbF,40,27
negamax took: 141ms

(40:27) Tacheron joue : iJDhJ,40,27
On joue : bFDaF,40,27
negamax took: 109ms

(40:27) Tacheron joue : hJDhD,40,27
On joue : aFDbF,40,27
negamax took: 141ms

(40:27) Tacheron joue : hDDhJ,40,27
On joue : bFDaF,40,27
negamax took: 93ms

(40:27) Tacheron joue : gHDkH,40,27
On joue : aFDbF,40,27
negamax took: 94ms

(40:27) Tacheron joue : dKDcK,40,27
On joue : bFDaF,40,27
negamax took: 94ms

(40:27) Tacheron joue : kMDcM,40,27
On joue : aFDbF,40,27
negamax took: 94ms

(40:27) Tacheron joue : cNDcH,40,27
On joue : bFDaF,40,27
negamax took: 93ms

(40:27) Tacheron joue : cMDjM,40,27
On joue : aFDbF,40,27
negamax took: 94ms

(40:27) Tacheron joue : eDDeF,40,27
On joue : bFDaF,40,27
negamax took: 94ms

(40:27) Tacheron joue : hJDhN,40,27
On joue : aFDbF,40,27
negamax took: 94ms

(40:27) Tacheron joue : cKDjK,40,27
On joue : bFDaF,40,27
negamax took: 93ms

(40:27) Tacheron joue : hNDfNAfM,38,23
On joue : aFDbF,38,23
negamax took: 79ms

(38:23) Tacheron joue : kHDkB,38,23
On joue : bFDaF,38,23
negamax took: 78ms

(38:23) Tacheron joue : eFDcF,38,23
On joue : aFDbFAcF,33,20
negamax took: 62ms

(38:23) Tacheron joue : cHDcI,38,23
On joue : bFDaF,38,23
negamax took: 78ms

(38:23) Tacheron joue : jMDlM,38,23
On joue : aFDbFAcF,33,20
negamax took: 78ms

(38:23) Tacheron joue : cFDiF,38,23
On joue : bFDaF,38,23
negamax took: 79ms

(38:23) Tacheron joue : fNDfH,38,23
On joue : aFDbF,38,23
negamax took: 78ms

(38:23) Tacheron joue : kBDgB,38,23
On joue : bFDaF,38,23
negamax took: 78ms

(38:23) Tacheron joue : fHDcH,38,23
On joue : aFDbF,38,23
negamax took: 62ms

(38:23) Tacheron joue : cIDdI,38,23
On joue : bFDaF,38,23
negamax took: 78ms

(38:23) Tacheron joue : jKDjJ,38,23
On joue : aFDbF,38,23
negamax took: 79ms

(38:23) Tacheron joue : jJDmJ,38,23
On joue : bFDaF,38,23
negamax took: 78ms

(38:23) Tacheron joue : mJDjJ,38,23
On joue : aFDbF,38,23
negamax took: 62ms

(38:23) Tacheron joue : lMDlM,38,23
On joue : bFDaF,38,23
negamax took: 94ms

(38:23) Tacheron joue : lMDlJ,38,23
On joue : aFDbF,38,23
negamax took: 62ms

(38:23) Tacheron joue : dIDdE,38,23
On joue : bFDaF,38,23
negamax took: 125ms

(38:23) Tacheron joue : gBDfB,38,23
On joue : aFDbF,38,23
negamax took: 110ms

(38:23) Tacheron joue : dEDdB,38,23
On joue : bFDaF,38,23
negamax took: 78ms

(38:23) Tacheron joue : jJDhJ,38,23
On joue : aFDbF,38,23
negamax took: 78ms

(38:23) Tacheron joue : cHDgH,38,23
On joue : bFDaF,38,23
negamax took: 78ms

(38:23) Tacheron joue : lJDlH,38,23
On joue : aFDbF,38,23
negamax took: 78ms

(38:23) Tacheron joue : hJDnJ,38,23
On joue : bFDaF,38,23
negamax took: 78ms

(38:23) Tacheron joue : lHDmH,38,23
On joue : aFDbF,38,23
negamax took: 79ms

(38:23) Tacheron joue : fBDcB,38,23
On joue : bFDaF,38,23
negamax took: 78ms

(38:23) Tacheron joue : cBDjB,38,23
On joue : aFDbF,38,23
negamax took: 78ms

(38:23) Tacheron joue : nJDgJ,38,23
On joue : bFDaF,38,23
negamax took: 78ms

(38:23) Tacheron joue : iFDiF,38,23
On joue : aFDbF,38,23
negamax took: 63ms

(38:23) Tacheron joue : dBDiB,38,23
On joue : bFDaF,38,23
negamax took: 78ms

(38:23) Tacheron joue : gHDeH,38,23
On joue : aFDbF,38,23
negamax took: 62ms

(38:23) Tacheron joue : eHDbH,38,23
On joue : bFDaF,38,23
negamax took: 78ms

(38:23) Tacheron joue : jBDgB,38,23
On joue : aFDbF,38,23
negamax took: 78ms

(38:23) Tacheron joue : gBDbB,38,23
On joue : bFDaF,38,23
negamax took: 78ms

(38:23) Tacheron joue : bHDbI,38,23
On joue : aFDbF,38,23
negamax took: 79ms

(38:23) Tacheron joue : gJDlJ,38,23
On joue : bFDaF,38,23
negamax took: 62ms

(38:23) Tacheron joue : iBDeB,38,23
On joue : aFDbF,38,23
negamax took: 62ms

(38:23) Tacheron joue : bIDbG,38,23
On joue : bFDaF,38,23
negamax took: 94ms

(38:23) Tacheron joue : mHDnH,38,23
On joue : aFDbFAbG,33,21
negamax took: 78ms

(38:23) Tacheron joue : bBDiB,38,23
On joue : bFDaF,38,23
negamax took: 63ms

(38:23) Tacheron joue : lJDiJ,38,23
On joue : aFDbFAbG,33,21
negamax took: 78ms

(38:23) Tacheron joue : nHDnA,38,23
On joue : bFDaF,38,23
negamax took: 62ms

(38:23) Tacheron joue : nADnF,38,23
On joue : aFDbFAbG,33,21
negamax took: 78ms

(38:23) Tacheron joue : nFDnH,38,23
On joue : bFDaF,38,23
negamax took: 79ms

(38:23) Tacheron joue : bGDlG,38,23
On joue : aFDbF,38,23
negamax took: 62ms

(38:23) Tacheron joue : nHDnD,38,23
On joue : bFDaF,38,23
negamax took: 78ms

(38:23) Tacheron joue : eBDlB,38,23
On joue : aFDbF,38,23
negamax took: 78ms

(38:23) Tacheron joue : lGDhG,38,23
On joue : bFDaF,38,23
negamax took: 63ms

(38:23) Tacheron joue : iBDiE,38,23
On joue : aFDbF,38,23
negamax took: 63ms

(38:23) Tacheron joue : hGDjG,38,23
On joue : bFDaF,38,23
negamax took: 78ms

(38:23) Tacheron joue : iJDiH,38,23
On joue : aFDbF,38,23
negamax took: 78ms

(38:23) Tacheron joue : iEDgE,38,23
On joue : bFDaF,38,23
negamax took: 78ms

(38:23) Tacheron joue : jGDjE,38,23
On joue : aFDbF,38,23
negamax took: 78ms

(38:23) Tacheron joue : iHDnH,38,23
On joue : bFDaF,38,23
negamax took: 79ms

(38:23) Tacheron joue : jEDhE,38,23
On joue : aFDbF,38,23
negamax took: 78ms

(38:23) Tacheron joue : hEDhN,38,23
On joue : bFDaF,38,23
negamax took: 78ms

(38:23) Tacheron joue : nHDgH,38,23
On joue : aFDbF,38,23
negamax took: 78ms

(38:23) Tacheron joue : nDDlD,38,23
On joue : bFDaF,38,23
negamax took: 78ms

(38:23) Tacheron joue : gEDgL,38,23
On joue : aFDbF,38,23
negamax took: 78ms

(38:23) Tacheron joue : hNDcN,38,23
On joue : bFDaF,38,23
negamax took: 63ms

(38:23) Tacheron joue : iFDiE,38,23
On joue : aFDbF,38,23
negamax took: 78ms

(38:23) Tacheron joue : iEDiK,38,23
On joue : bFDaF,38,23
negamax took: 78ms

(38:23) Tacheron joue : cNDeN,38,23
On joue : aFDbF,38,23
negamax took: 78ms

(38:23) Tacheron joue : lDDlN,38,23
On joue : bFDaF,38,23
negamax took: 63ms

(38:23) Tacheron joue : gLDgJ,38,23
On joue : aFDbF,38,23
negamax took: 78ms

(38:23) Tacheron joue : gHDkH,38,23
On joue : bFDaF,38,23
negamax took: 62ms

(38:23) Tacheron joue : lNDfN,38,23
On joue : aFDbF,38,23
negamax took: 78ms

(38:23) Tacheron joue : lBDkB,38,23
On joue : bFDaF,38,23
negamax took: 63ms

(38:23) Tacheron joue : eNDeK,38,23
On joue : aFDbF,38,23
negamax took: 78ms

(38:23) Tacheron joue : eKDeE,38,23
On joue : bFDaF,38,23
negamax took: 62ms

(38:23) Tacheron joue : kHDkL,38,23
On joue : aFDbF,38,23
negamax took: 79ms

(38:23) Tacheron joue : kBDkA,38,23
On joue : bFDaF,38,23
negamax took: 78ms

(38:23) Tacheron joue : fNDfN,38,23
On joue : aFDbF,38,23
negamax took: 62ms

(38:23) Tacheron joue : kLDkL,38,23
On joue : bFDaF,38,23
negamax took: 78ms

(38:23) Tacheron joue : iKDaK,38,23
On joue : aFDbF,38,23
negamax took: 63ms

(38:23) Tacheron joue : eEDeI,38,23
On joue : bFDaF,38,23
negamax took: 78ms

(38:23) Tacheron joue : aKDkK,38,23
On joue : aFDbF,38,23
negamax took: 62ms

(38:23) Tacheron joue : gJDgB,38,23
On joue : bFDaF,38,23
negamax took: 79ms

(38:23) Tacheron joue : gBDnB,38,23
On joue : aFDbF,38,23
negamax took: 62ms

(38:23) Tacheron joue : kADiA,38,23
On joue : bFDaF,38,23
negamax took: 78ms

(38:23) Tacheron joue : nBDdB,38,23
On joue : aFDbF,38,23
negamax took: 63ms

(38:23) Tacheron joue : kLDkI,38,23
On joue : bFDaF,38,23
negamax took: 78ms

(38:23) Tacheron joue : iADiB,38,23
On joue : aFDbF,38,23
negamax took: 62ms

(38:23) Tacheron joue : kIDnI,38,23
On joue : bFDaF,38,23
negamax took: 78ms

(38:23) Tacheron joue : kKDkA,38,23
On joue : aFDbF,38,23
negamax took: 79ms

(38:23) Tacheron joue : fNDfB,38,23
On joue : bFDaF,38,23
negamax took: 62ms

(38:23) Tacheron joue : kADhA,38,23
On joue : aFDbF,38,23
negamax took: 78ms

(38:23) Tacheron joue : iBDiE,38,23
On joue : bFDaF,38,23
negamax took: 63ms

(38:23) Tacheron joue : hADhE,38,23
On joue : aFDbF,38,23
negamax took: 78ms

(38:23) Tacheron joue : eIDeL,38,23
On joue : bFDaF,38,23
negamax took: 78ms

(38:23) Tacheron joue : hEDhF,38,23
On joue : aFDbF,38,23
negamax took: 62ms

(38:23) Tacheron joue : fBDfN,38,23
On joue : bFDaF,38,23
negamax took: 79ms

(38:23) Tacheron joue : iEDiA,38,23
On joue : aFDbF,38,23
negamax took: 78ms

(38:23) Tacheron joue : hFDhN,38,23
On joue : bFDaF,38,23
negamax took: 78ms

(38:23) Tacheron joue : dBDdC,38,23
On joue : aFDbF,38,23
negamax took: 78ms

(38:23) Tacheron joue : eLDgL,38,23
On joue : bFDaF,38,23
negamax took: 62ms

(38:23) Tacheron joue : nIDnL,38,23
On joue : aFDbF,38,23
negamax took: 79ms

(38:23) Tacheron joue : hNDhD,38,23
On joue : bFDaF,38,23
negamax took: 62ms

(38:23) Tacheron joue : iADiL,38,23
On joue : aFDbF,38,23
negamax took: 78ms

(38:23) Tacheron joue : gLDfL,38,23
On joue : bFDaF,38,23
negamax took: 63ms

(38:23) Tacheron joue : nLDnF,38,23
On joue : aFDbF,38,23
negamax took: 78ms

(38:23) Tacheron joue : iLDaL,38,23
On joue : bFDaF,38,23
negamax took: 62ms

(38:23) Tacheron joue : aLDaEAaF,35,18
On joue : aFDbF,35,18
negamax took: 78ms

(35:18) Tacheron joue : aEDiE,35,18
On joue : bFDaF,35,18
negamax took: 63ms

(35:18) Tacheron joue : fNDlNAkN,34,15
On joue : aFDbF,34,15
negamax took: 46ms

(34:15) Tacheron joue : iEDiJ,34,15
On joue : bFDaF,34,15
negamax took: 63ms

(34:15) Tacheron joue : nFDbFAaF,33,13
On joue : mADlA,33,13
negamax took: 31ms

(33:13) Tacheron joue : bFDkF,33,13
On joue : lADkA,33,13
negamax took: 47ms

(33:13) Tacheron joue : kFDkM,33,13
On joue : kADjA,33,13
negamax took: 31ms

(33:13) Tacheron joue : dCDdI,33,13
On joue : jADiA,33,13
negamax took: 32ms

(33:13) Tacheron joue : dIDdD,33,13
On joue : iADhA,33,13
negamax took: 46ms

(33:13) Tacheron joue : kMDcM,33,13
On joue : hADgA,33,13
negamax took: 32ms

(33:13) Tacheron joue : fLDlL,33,13
On joue : gADfA,33,13
negamax took: 47ms

(33:13) Tacheron joue : lNDmN,33,13
On joue : fADeA,33,13
negamax took: 31ms

(33:13) Tacheron joue : mNDaN,33,13
On joue : eADdA,33,13
negamax took: 31ms

(33:13) Tacheron joue : cMDcB,33,13
On joue : dADcAAcB,29,11
negamax took: 47ms

(33:13) Tacheron joue : cBDcBAcA,30,9
On joue : cADbA,30,9
negamax took: 31ms

(30:9) Tacheron joue : dDDdD,30,9
On joue : bADaA,30,9
negamax took: 31ms

(30:9) Tacheron joue : iJDnJ,30,9
On joue : aADbA,30,9
negamax took: 47ms

(30:9) Tacheron joue : aNDaN,30,9
On joue : bADaA,30,9
negamax took: 32ms

(30:9) Tacheron joue : lLDbL,30,9
On joue : aADbA,30,9
negamax took: 46ms

(30:9) Tacheron joue : dDDjD,30,9
On joue : bADaA,30,9
negamax took: 32ms

(30:9) Tacheron joue : aNDbN,30,9
On joue : aADbA,30,9
negamax took: 47ms

(30:9) Tacheron joue : hDDiD,30,9
On joue : bADaA,30,9
negamax took: 31ms

(30:9) Tacheron joue : bLDbE,30,9
On joue : aADbA,30,9
negamax took: 47ms

(30:9) Tacheron joue : iDDeD,30,9
On joue : bADaA,30,9
negamax took: 31ms

(30:9) Tacheron joue : eDDhD,30,9
On joue : aADbA,30,9
negamax took: 31ms

(30:9) Tacheron joue : nJDnK,30,9
On joue : bADaA,30,9
negamax took: 31ms

(30:9) Tacheron joue : nKDnD,30,9
On joue : aADbA,30,9
negamax took: 31ms

(30:9) Tacheron joue : cBDcE,30,9
On joue : bADaA,30,9
negamax took: 47ms

(30:9) Tacheron joue : nDDlD,30,9
On joue : aADbA,30,9
negamax took: 31ms

(30:9) Tacheron joue : hDDhC,30,9
On joue : bADaA,30,9
negamax took: 32ms

(30:9) Tacheron joue : hCDfC,30,9
On joue : aADbA,30,9
negamax took: 47ms

(30:9) Tacheron joue : jDDgD,30,9
On joue : bADaA,30,9
negamax took: 31ms

(30:9) Tacheron joue : bNDbN,30,9
On joue : aADbA,30,9
negamax took: 31ms

(30:9) Tacheron joue : gDDnD,30,9
On joue : bADaA,30,9
negamax took: 47ms

(30:9) Tacheron joue : bNDbH,30,9
On joue : aADbA,30,9
negamax took: 31ms

(30:9) Tacheron joue : fCDfA,30,9
On joue : bADaA,30,9
negamax took: 31ms

(30:9) Tacheron joue : nDDnD,30,9
On joue : aADbA,30,9
negamax took: 47ms

(30:9) Tacheron joue : nDDnI,30,9
On joue : bADaA,30,9
negamax took: 32ms

(30:9) Tacheron joue : fADfK,30,9
On joue : aADbA,30,9
negamax took: 31ms

(30:9) Tacheron joue : cEDcB,30,9
On joue : bADaA,30,9
negamax took: 47ms

(30:9) Tacheron joue : bHDnH,30,9
On joue : aADbA,30,9
negamax took: 31ms

(30:9) Tacheron joue : bEDbBAbA,28,5
On joue : nEDmE,28,5
negamax took: 16ms

(28:5) Tacheron joue : cBDmB,28,5
On joue : mEDlEAlD,24,3
negamax took: 31ms

(28:5) Tacheron joue : fKDfJ,28,5
On joue : lEDkE,28,5
negamax took: 15ms

(28:5) Tacheron joue : fJDfK,28,5
On joue : kEDjE,28,5
negamax took: 16ms

(28:5) Tacheron joue : fKDfB,28,5
On joue : jEDiE,28,5
negamax took: 16ms

(28:5) Tacheron joue : fBDeB,28,5
On joue : iEDhE,28,5
negamax took: 15ms

(28:5) Tacheron joue : eBDeF,28,5
On joue : hEDgE,28,5
negamax took: 16ms

(28:5) Tacheron joue : bBDlB,28,5
On joue : gEDfE,28,5
negamax took: 31ms

(28:5) Tacheron joue : lDDlE,28,5
On joue : fEDeEAeF,24,2
negamax took: 16ms

(28:5) Tacheron joue : lBDlL,28,5
On joue : eEDdE,28,5
negamax took: 15ms

(28:5) Tacheron joue : lLDlN,28,5
On joue : dEDcE,28,5
negamax took: 16ms

(28:5) Tacheron joue : nIDnD,28,5
On joue : cEDbE,28,5
negamax took: 16ms

(28:5) Tacheron joue : eFDeN,28,5
On joue : bEDaE,28,5
negamax took: 15ms

(28:5) Tacheron joue : nHDgH,28,5
On joue : aEDbE,28,5
negamax took: 32ms

(28:5) Tacheron joue : eNDeN,28,5
On joue : bEDaE,28,5
negamax took: 15ms

(28:5) Tacheron joue : mBDlB,28,5
On joue : aEDbE,28,5
negamax took: 16ms

(28:5) Tacheron joue : gHDgB,28,5
On joue : bEDaE,28,5
negamax took: 15ms

(28:5) Tacheron joue : gBDgB,28,5
On joue : aEDbE,28,5
negamax took: 16ms

(28:5) Tacheron joue : lNDlA,28,5
On joue : bEDaE,28,5
negamax took: 31ms

(28:5) Tacheron joue : lEDmE,28,5
On joue : aEDbE,28,5
negamax took: 16ms

(28:5) Tacheron joue : lADdA,28,5
On joue : bEDaE,28,5
negamax took: 16ms

(28:5) Tacheron joue : gBDgG,28,5
On joue : aEDbE,28,5
negamax took: 15ms

(28:5) Tacheron joue : eNDdN,28,5
On joue : bEDaE,28,5
negamax took: 16ms

(28:5) Tacheron joue : gGDgC,28,5
On joue : aEDbE,28,5
negamax took: 15ms

(28:5) Tacheron joue : lBDlJ,28,5
On joue : bEDaE,28,5
negamax took: 32ms

(28:5) Tacheron joue : gCDbC,28,5
On joue : aEDbE,28,5
negamax took: 15ms

(28:5) Tacheron joue : dNDiN,28,5
On joue : bEDaE,28,5
negamax took: 16ms

(28:5) Tacheron joue : iNDnN,28,5
On joue : aEDbE,28,5
negamax took: 16ms

(28:5) Tacheron joue : lJDlD,28,5
On joue : bEDaE,28,5
negamax took: 16ms

(28:5) Tacheron joue : mEDkE,28,5
On joue : aEDbE,28,5
negamax took: 15ms

(28:5) Tacheron joue : dADjA,28,5
On joue : bEDaE,28,5
negamax took: 16ms

(28:5) Tacheron joue : nDDnD,28,5
On joue : aEDbE,28,5
negamax took: 31ms

(28:5) Tacheron joue : nDDnF,28,5
On joue : bEDaE,28,5
negamax took: 16ms

(28:5) Tacheron joue : kEDkI,28,5
On joue : aEDbE,28,5
negamax took: 16ms

(28:5) Tacheron joue : jADjG,28,5
On joue : bEDaE,28,5
negamax took: 15ms

(28:5) Tacheron joue : bCDbM,28,5
On joue : aEDbE,28,5
negamax took: 16ms

(28:5) Tacheron joue : nFDdF,28,5
On joue : bEDaE,28,5
negamax took: 31ms

(28:5) Tacheron joue : bMDaM,28,5
On joue : aEDbE,28,5
negamax took: 16ms

(28:5) Tacheron joue : dFDcF,28,5
On joue : bEDaE,28,5
negamax took: 15ms

(28:5) Tacheron joue : kIDkG,28,5
On joue : aEDbE,28,5
negamax took: 16ms

(28:5) Tacheron joue : nNDdN,28,5
On joue : bEDaE,28,5
negamax took: 31ms

(28:5) Tacheron joue : kGDnG,28,5
On joue : aEDbE,28,5
negamax took: 16ms

(28:5) Tacheron joue : jGDfG,28,5
On joue : bEDaE,28,5
negamax took: 15ms

(28:5) Tacheron joue : nGDnJ,28,5
On joue : aEDbE,28,5
negamax took: 16ms

(28:5) Tacheron joue : lDDhD,28,5
On joue : bEDaE,28,5
negamax took: 31ms

(28:5) Tacheron joue : nJDfJ,28,5
On joue : aEDbE,28,5
negamax took: 16ms

(28:5) Tacheron joue : aMDaG,28,5
On joue : bEDaE,28,5
negamax took: 16ms

(28:5) Tacheron joue : hDDjD,28,5
On joue : aEDbE,28,5
negamax took: 15ms

(28:5) Tacheron joue : jDDjE,28,5
On joue : bEDaE,28,5
negamax took: 16ms

(28:5) Tacheron joue : fGDfH,28,5
On joue : aEDbE,28,5
negamax took: 31ms

(28:5) Tacheron joue : fJDcJ,28,5
On joue : bEDaE,28,5
negamax took: 16ms

(28:5) Tacheron joue : dNDeN,28,5
On joue : aEDbE,28,5
negamax took: 15ms

(28:5) Tacheron joue : fHDbH,28,5
On joue : bEDaE,28,5
negamax took: 16ms

(28:5) Tacheron joue : eNDeK,28,5
On joue : aEDbE,28,5
negamax took: 31ms

(28:5) Tacheron joue : bHDfH,28,5
On joue : bEDaE,28,5
negamax took: 16ms

(28:5) Tacheron joue : cJDnJ,28,5
On joue : aEDbE,28,5
negamax took: 31ms

(28:5) Tacheron joue : aGDaC,28,5
On joue : bEDaE,28,5
negamax took: 16ms

(28:5) Tacheron joue : fHDjH,28,5
On joue : aEDbE,28,5
negamax took: 15ms

(28:5) Tacheron joue : cFDcN,28,5
On joue : bEDaE,28,5
negamax took: 16ms

(28:5) Tacheron joue : aCDgC,28,5
On joue : aEDbE,28,5
negamax took: 31ms

(28:5) Tacheron joue : gCDcC,28,5
On joue : bEDaE,28,5
negamax took: 16ms

(28:5) Tacheron joue : cNDhN,28,5
On joue : aEDbE,28,5
negamax took: 15ms

(28:5) Tacheron joue : eKDmK,28,5
On joue : bEDaE,28,5
negamax took: 16ms

(28:5) Tacheron joue : hNDnN,28,5
On joue : aEDbE,28,5
negamax took: 16ms

(28:5) Tacheron joue : cCDkC,28,5
On joue : bEDaE,28,5
negamax took: 15ms

(28:5) Tacheron joue : mKDmL,28,5
On joue : aEDbE,28,5
negamax took: 16ms

(28:5) Tacheron joue : jHDjM,28,5
On joue : bEDaE,28,5
negamax took: 31ms

(28:5) Tacheron joue : mLDjL,28,5
On joue : aEDbE,28,5
negamax took: 16ms

(28:5) Tacheron joue : nJDnK,28,5
On joue : bEDaE,28,5
negamax took: 15ms

(28:5) Tacheron joue : nNDnA,28,5
On joue : aEDbE,28,5
negamax took: 16ms

(28:5) Tacheron joue : jLDjF,28,5
On joue : bEDaE,28,5
negamax took: 16ms

(28:5) Tacheron joue : nKDnD,28,5
On joue : aEDbE,28,5
negamax took: 15ms

(28:5) Tacheron joue : jEDhE,28,5
On joue : bEDaE,28,5
negamax took: 16ms

(28:5) Tacheron joue : kCDkI,28,5
On joue : aEDbE,28,5
negamax took: 31ms

(28:5) Tacheron joue : nDDnH,28,5
On joue : bEDaE,28,5
negamax took: 16ms

(28:5) Tacheron joue : nADnD,28,5
On joue : aEDbE,28,5
negamax took: 15ms

(28:5) Tacheron joue : hEDiE,28,5
On joue : bEDaE,28,5
negamax took: 16ms

(28:5) Tacheron joue : kIDbI,28,5
On joue : aEDbE,28,5
negamax took: 16ms

(28:5) Tacheron joue : jMDlM,28,5
On joue : bEDaE,28,5
negamax took: 31ms

(28:5) Tacheron joue : bIDmI,28,5
On joue : aEDbE,28,5
negamax took: 16ms

(28:5) Tacheron joue : mIDcI,28,5
On joue : bEDaE,28,5
negamax took: 15ms

(28:5) Tacheron joue : iEDbE,28,5
On joue : aEDcEAbE,27,5
negamax took: 31ms

(28:5) Tacheron joue : cIDcF,28,5
On joue : cEDaEAbE,27,5
negamax took: 16ms

(28:5) Tacheron joue : nHDnM,28,5
On joue : aEDcEAbE,27,5
negamax took: 16ms

(28:5) Tacheron joue : bEDbA,28,5
On joue : cEDbE,28,5
negamax took: 15ms

(28:5) Tacheron joue : cFDcA,28,5
On joue : bEDaE,28,5
negamax took: 16ms

(28:5) Tacheron joue : cADiA,28,5
On joue : aEDbE,28,5
negamax took: 31ms

(28:5) Tacheron joue : iADiN,28,5
On joue : bEDaE,28,5
negamax took: 16ms

(28:5) Tacheron joue : lMDlA,28,5
On joue : aEDbE,28,5
negamax took: 15ms

(28:5) Tacheron joue : iNDbN,28,5
On joue : bEDaE,28,5
negamax took: 16ms

(28:5) Tacheron joue : lADcA,28,5
On joue : aEDbE,28,5
negamax took: 16ms

(28:5) Tacheron joue : jFDjF,28,5
On joue : bEDaE,28,5
negamax took: 31ms

(28:5) Tacheron joue : jFDjL,28,5
On joue : aEDbE,28,5
negamax took: 16ms

(28:5) Tacheron joue : bADbM,28,5
On joue : bEDaE,28,5
negamax took: 15ms

(28:5) Tacheron joue : nDDhD,28,5
On joue : aEDbE,28,5
negamax took: 16ms

(28:5) Tacheron joue : jLDjB,28,5
On joue : bEDaE,28,5
negamax took: 15ms

(28:5) Tacheron joue : cADcC,28,5
On joue : aEDbE,28,5
negamax took: 16ms

(28:5) Tacheron joue : bMDaM,28,5
On joue : bEDaE,28,5
negamax took: 31ms

(28:5) Tacheron joue : bNDbI,28,5
On joue : aEDbE,28,5
negamax took: 16ms

(28:5) Tacheron joue : jBDjG,28,5
On joue : bEDaE,28,5
negamax took: 16ms

(28:5) Tacheron joue : aMDaJ,28,5
On joue : aEDbE,28,5
negamax took: 15ms

(28:5) Tacheron joue : bIDlI,28,5
On joue : bEDaE,28,5
negamax took: 31ms

(28:5) Tacheron joue : nMDnE,28,5
On joue : aEDbE,28,5
negamax took: 16ms

(28:5) Tacheron joue : aJDhJ,28,5
On joue : bEDaE,28,5
negamax took: 16ms

(28:5) Tacheron joue : nEDfE,28,5
On joue : aEDbE,28,5
negamax took: 15ms

(28:5) Tacheron joue : jGDjM,28,5
On joue : bEDaE,28,5
negamax took: 16ms

(28:5) Tacheron joue : hJDhK,28,5
On joue : aEDbE,28,5
negamax took: 31ms

(28:5) Tacheron joue : lIDdI,28,5
On joue : bEDaE,28,5
negamax took: 16ms

(28:5) Tacheron joue : dIDdM,28,5
On joue : aEDbE,28,5
negamax took: 15ms

(28:5) Tacheron joue : jMDjE,28,5
On joue : bEDaE,28,5
negamax took: 16ms

(28:5) Tacheron joue : hDDeD,28,5
On joue : aEDbE,28,5
negamax took: 16ms

(28:5) Tacheron joue : fEDcEAbE,26,1
On joue : bEDaE,26,1
negamax took: 16ms

(26:1) Tacheron joue : eDDkD,26,1
On joue : aEDbEAcE,24,0
negamax took: 16ms

(26:1) Tacheron joue : dMDbM,26,1
On joue : bEDaE,26,1
negamax took: 15ms

(26:1) Tacheron joue : kDDcD,26,1
On joue : aEDbEAcE,24,0
negamax took: 16ms

(26:1) Tacheron joue : cDDbD,26,1
On joue : bEDaE,26,1
negamax took: 31ms

(26:1) Tacheron joue : jEDnE,26,1
On joue : aEDbEAcE,24,0
negamax took: 16ms

(26:1) Tacheron joue : bMDfM,26,1
On joue : bEDaE,26,1
negamax took: 15ms

(26:1) Tacheron joue : cEDhE,26,1
On joue : aEDbEAbD,24,0
negamax took: 16ms

(26:1) Tacheron joue : bDDbD,26,1
On joue : bEDaE,26,1
negamax took: 16ms

(26:1) Tacheron joue : hKDmK,26,1
On joue : aEDbEAbD,24,0
negamax took: 31ms

(26:1) Tacheron joue : cCDmC,26,1
On joue : bEDaE,26,1
negamax took: 15ms

(26:1) Tacheron joue : mCDmB,26,1
On joue : aEDbEAbD,24,0
negamax took: 16ms

(26:1) Tacheron joue : mBDmI,26,1
On joue : bEDaE,26,1
negamax took: 16ms

(26:1) Tacheron joue : fMDbM,26,1
On joue : aEDbEAbD,24,0
negamax took: 15ms

(26:1) Tacheron joue : mIDcI,26,1
On joue : bEDaE,26,1
negamax took: 32ms

(26:1) Tacheron joue : hEDhH,26,1
On joue : aEDbEAbD,24,0
negamax took: 15ms

(26:1) Tacheron joue : hHDhD,26,1
On joue : bEDaE,26,1
negamax took: 16ms

(26:1) Tacheron joue : mKDmK,26,1
On joue : aEDbEAbD,24,0
negamax took: 15ms

(26:1) Tacheron joue : bDDbG,26,1
On joue : bEDaE,26,1
negamax took: 32ms

(26:1) Tacheron joue : bMDeM,26,1
On joue : aEDbE,26,1
negamax took: 15ms

(26:1) Tacheron joue : mKDmK,26,1
On joue : bEDaE,26,1
negamax took: 16ms

(26:1) Tacheron joue : eMDmM,26,1
On joue : aEDbE,26,1
negamax took: 16ms

(26:1) Tacheron joue : bGDmG,26,1
On joue : bEDaE,26,1
negamax took: 15ms

(26:1) Tacheron joue : mGDdG,26,1
On joue : aEDbE,26,1
negamax took: 15ms

(26:1) Tacheron joue : hDDhD,26,1
On joue : bEDaE,26,1
negamax took: 16ms

(26:1) Tacheron joue : hDDhA,26,1
On joue : aEDbE,26,1
negamax took: 16ms

(26:1) Tacheron joue : hADhG,26,1
On joue : bEDaE,26,1
negamax took: 15ms

(26:1) Tacheron joue : cIDcN,26,1
On joue : aEDbE,26,1
negamax took: 16ms

(26:1) Tacheron joue : cNDcA,26,1
On joue : bEDaE,26,1
negamax took: 16ms

(26:1) Tacheron joue : mKDmL,26,1
On joue : aEDbE,26,1
negamax took: 15ms

(26:1) Tacheron joue : dGDiG,26,1
On joue : bEDaE,26,1
negamax took: 16ms

(26:1) Tacheron joue : mMDmI,26,1
On joue : aEDbE,26,1
negamax took: 15ms

(26:1) Tacheron joue : iGDiA,26,1
On joue : bEDaE,26,1
negamax took: 32ms

(26:1) Tacheron joue : mLDgL,26,1
On joue : aEDbE,26,1
negamax took: 15ms

(26:1) Tacheron joue : iADiL,26,1
On joue : bEDaE,26,1
negamax took: 16ms

(26:1) Tacheron joue : cADjA,26,1
On joue : aEDbE,26,1
negamax took: 16ms

(26:1) Tacheron joue : nEDnC,26,1
On joue : bEDaE,26,1
negamax took: 15ms

(26:1) Tacheron joue : jADmA,26,1
On joue : aEDbE,26,1
negamax took: 16ms

(26:1) Tacheron joue : mIDjI,26,1
On joue : bEDaE,26,1
negamax took: 15ms

(26:1) Tacheron joue : gLDdL,26,1
On joue : aEDbE,26,1
negamax took: 16ms

(26:1) Tacheron joue : mADmJ,26,1
On joue : bEDaE,26,1
negamax took: 16ms

(26:1) Tacheron joue : dLDdH,26,1
On joue : aEDbE,26,1
negamax took: 15ms

(26:1) Tacheron joue : hGDlG,26,1
On joue : bEDaE,26,1
negamax took: 32ms

(26:1) Tacheron joue : lGDcG,26,1
On joue : aEDbE,26,1
negamax took: 15ms

(26:1) Tacheron joue : iLDkL,26,1
On joue : bEDaE,26,1
negamax took: 16ms

(26:1) Tacheron joue : cGDcK,26,1
On joue : aEDbE,26,1
negamax took: 15ms

(26:1) Tacheron joue : nCDkC,26,1
On joue : bEDaE,26,1
negamax took: 16ms

(26:1) Tacheron joue : dHDjH,26,1
On joue : aEDbE,26,1
negamax took: 16ms

(26:1) Tacheron joue : jIDjG,26,1
On joue : bEDaE,26,1
negamax took: 15ms

(26:1) Tacheron joue : kLDkF,26,1
On joue : aEDbE,26,1
negamax took: 16ms

(26:1) Tacheron joue : jGDjD,26,1
On joue : bEDaE,26,1
negamax took: 16ms

(26:1) Tacheron joue : mJDfJ,26,1
On joue : aEDbE,26,1
negamax took: 16ms

(26:1) Tacheron joue : fJDfC,26,1
On joue : bEDaE,26,1
negamax took: 15ms

(26:1) Tacheron joue : jHDjI,26,1
On joue : aEDbE,26,1
negamax took: 16ms

(26:1) Tacheron joue : kCDbC,26,1
On joue : bEDaE,26,1
negamax took: 16ms

(26:1) Tacheron joue : fCDfN,26,1
On joue : aEDbE,26,1
negamax took: 15ms

(26:1) Tacheron joue : bCDkC,26,1
On joue : bEDaE,26,1
negamax took: 32ms

(26:1) Tacheron joue : jDDjA,26,1
On joue : aEDbE,26,1
negamax took: 15ms

(26:1) Tacheron joue : jIDfI,26,1
On joue : bEDaE,26,1
negamax took: 16ms

(26:1) Tacheron joue : jADjI,26,1
On joue : aEDbE,26,1
negamax took: 15ms

(26:1) Tacheron joue : fIDgI,26,1
On joue : bEDaE,26,1
negamax took: 16ms

(26:1) Tacheron joue : fNDaN,26,1
On joue : aEDbE,26,1
negamax took: 16ms

(26:1) Tacheron joue : gIDhI,26,1
On joue : bEDaE,26,1
negamax took: 15ms

(26:1) Tacheron joue : hIDiI,26,1
On joue : aEDbE,26,1
negamax took: 32ms

(26:1) Tacheron joue : aNDjN,26,1
On joue : bEDaE,26,1
negamax took: 15ms

(26:1) Tacheron joue : jNDjD,26,1
On joue : aEDbE,26,1
negamax took: 16ms

(26:1) Tacheron joue : iIDfI,26,1
On joue : bEDaE,26,1
negamax took: 15ms

(26:1) Tacheron joue : fIDfH,26,1
On joue : aEDbE,26,1
negamax took: 16ms

(26:1) Tacheron joue : cKDkK,26,1
On joue : bEDaE,26,1
negamax took: 16ms

(26:1) Tacheron joue : kKDkD,26,1
On joue : aEDbE,26,1
negamax took: 31ms

(26:1) Tacheron joue : jDDjH,26,1
On joue : bEDaE,26,1
negamax took: 16ms

(26:1) Tacheron joue : jIDkI,26,1
On joue : aEDbE,26,1
negamax took: 15ms

(26:1) Tacheron joue : kDDnD,26,1
On joue : bEDaE,26,1
negamax took: 16ms

(26:1) Tacheron joue : kIDmI,26,1
On joue : aEDbE,26,1
negamax took: 15ms

(26:1) Tacheron joue : mIDmK,26,1
On joue : bEDaE,26,1
negamax took: 16ms

(26:1) Tacheron joue : nDDaDAaE,26,0
]]></system-out>
  <system-err><![CDATA[]]></system-err>
</testsuite>
